<?xml version="1.0" encoding="UTF-8"?>
<coverage generated="1774380423317" clover="3.2.0">
  <project timestamp="1774380423317" name="All files">
    <metrics statements="275" coveredstatements="244" conditionals="249" coveredconditionals="204" methods="41" coveredmethods="40" elements="565" coveredelements="488" complexity="0" loc="275" ncloc="275" packages="1" files="7" classes="7"/>
    <file name="args.ts" path="/home/runner/work/clily/clily/src/args.ts">
      <metrics statements="15" coveredstatements="15" conditionals="10" coveredconditionals="10" methods="6" coveredmethods="6"/>
      <line num="15" count="42" type="stmt"/>
      <line num="23" count="11" type="stmt"/>
      <line num="30" count="96" type="stmt"/>
      <line num="32" count="96" type="stmt"/>
      <line num="33" count="28" type="stmt"/>
      <line num="34" count="28" type="cond" truecount="2" falsecount="0"/>
      <line num="35" count="14" type="stmt"/>
      <line num="42" count="14" type="stmt"/>
      <line num="51" count="96" type="stmt"/>
      <line num="59" count="17" type="stmt"/>
      <line num="61" count="17" type="stmt"/>
      <line num="62" count="10" type="cond" truecount="4" falsecount="0"/>
      <line num="63" count="8" type="stmt"/>
      <line num="64" count="8" type="stmt"/>
      <line num="67" count="17" type="stmt"/>
    </file>
    <file name="config.ts" path="/home/runner/work/clily/clily/src/config.ts">
      <metrics statements="2" coveredstatements="2" conditionals="4" coveredconditionals="4" methods="1" coveredmethods="1"/>
      <line num="20" count="15" type="stmt"/>
      <line num="29" count="13" type="cond" truecount="2" falsecount="0"/>
    </file>
    <file name="env.ts" path="/home/runner/work/clily/clily/src/env.ts">
      <metrics statements="11" coveredstatements="11" conditionals="7" coveredconditionals="7" methods="6" coveredmethods="6"/>
      <line num="13" count="24" type="stmt"/>
      <line num="21" count="9" type="stmt"/>
      <line num="29" count="3" type="stmt"/>
      <line num="40" count="20" type="stmt"/>
      <line num="41" count="20" type="stmt"/>
      <line num="43" count="20" type="stmt"/>
      <line num="44" count="2505" type="cond" truecount="4" falsecount="0"/>
      <line num="45" count="6" type="stmt"/>
      <line num="46" count="6" type="cond" truecount="2" falsecount="0"/>
      <line num="47" count="5" type="stmt"/>
      <line num="52" count="20" type="stmt"/>
    </file>
    <file name="help.ts" path="/home/runner/work/clily/clily/src/help.ts">
      <metrics statements="43" coveredstatements="43" conditionals="39" coveredconditionals="33" methods="2" coveredmethods="2"/>
      <line num="16" count="10" type="stmt"/>
      <line num="17" count="10" type="cond" truecount="1" falsecount="1"/>
      <line num="18" count="10" type="cond" truecount="2" falsecount="0"/>
      <line num="20" count="10" type="cond" truecount="2" falsecount="0"/>
      <line num="21" count="10" type="cond" truecount="1" falsecount="1"/>
      <line num="23" count="10" type="stmt"/>
      <line num="33" count="18" type="stmt"/>
      <line num="34" count="18" type="cond" truecount="3" falsecount="1"/>
      <line num="35" count="18" type="cond" truecount="2" falsecount="0"/>
      <line num="38" count="18" type="cond" truecount="4" falsecount="0"/>
      <line num="39" count="3" type="stmt"/>
      <line num="41" count="15" type="stmt"/>
      <line num="44" count="18" type="cond" truecount="2" falsecount="0"/>
      <line num="45" count="6" type="stmt"/>
      <line num="47" count="18" type="stmt"/>
      <line num="50" count="18" type="stmt"/>
      <line num="51" count="18" type="cond" truecount="2" falsecount="0"/>
      <line num="52" count="18" type="cond" truecount="2" falsecount="0"/>
      <line num="53" count="3" type="stmt"/>
      <line num="55" count="15" type="stmt"/>
      <line num="57" count="18" type="stmt"/>
      <line num="60" count="18" type="cond" truecount="4" falsecount="0"/>
      <line num="61" count="2" type="stmt"/>
      <line num="62" count="2" type="cond" truecount="1" falsecount="1"/>
      <line num="63" count="2" type="stmt"/>
      <line num="64" count="2" type="stmt"/>
      <line num="65" count="4" type="stmt"/>
      <line num="67" count="2" type="stmt"/>
      <line num="72" count="18" type="cond" truecount="2" falsecount="0"/>
      <line num="73" count="5" type="stmt"/>
      <line num="74" count="5" type="cond" truecount="1" falsecount="1"/>
      <line num="75" count="5" type="stmt"/>
      <line num="76" count="5" type="stmt"/>
      <line num="77" count="6" type="stmt"/>
      <line num="79" count="5" type="stmt"/>
      <line num="84" count="18" type="cond" truecount="2" falsecount="0"/>
      <line num="85" count="3" type="stmt"/>
      <line num="86" count="3" type="stmt"/>
      <line num="87" count="5" type="cond" truecount="1" falsecount="1"/>
      <line num="88" count="5" type="stmt"/>
      <line num="90" count="3" type="stmt"/>
      <line num="94" count="18" type="stmt"/>
      <line num="96" count="18" type="stmt"/>
    </file>
    <file name="index.ts" path="/home/runner/work/clily/clily/src/index.ts">
      <metrics statements="129" coveredstatements="116" conditionals="116" coveredconditionals="101" methods="15" coveredmethods="14"/>
      <line num="42" count="47" type="stmt"/>
      <line num="59" count="17" type="stmt"/>
      <line num="69" count="24" type="stmt"/>
      <line num="70" count="24" type="stmt"/>
      <line num="71" count="25" type="stmt"/>
      <line num="72" count="25" type="cond" truecount="2" falsecount="0"/>
      <line num="73" count="22" type="cond" truecount="4" falsecount="0"/>
      <line num="74" count="5" type="cond" truecount="4" falsecount="0"/>
      <line num="75" count="3" type="cond" truecount="4" falsecount="0"/>
      <line num="76" count="17" type="cond" truecount="4" falsecount="0"/>
      <line num="77" count="2" type="stmt"/>
      <line num="78" count="2" type="cond" truecount="2" falsecount="0"/>
      <line num="81" count="24" type="stmt"/>
      <line num="88" count="7" type="stmt"/>
      <line num="90" count="7" type="cond" truecount="2" falsecount="0"/>
      <line num="91" count="5" type="cond" truecount="1" falsecount="1"/>
      <line num="93" count="7" type="cond" truecount="2" falsecount="0"/>
      <line num="108" count="10" type="cond" truecount="2" falsecount="0"/>
      <line num="109" count="1" type="stmt"/>
      <line num="112" count="10" type="cond" truecount="4" falsecount="0"/>
      <line num="114" count="4" type="cond" truecount="2" falsecount="0"/>
      <line num="117" count="1" type="cond" truecount="2" falsecount="0"/>
      <line num="119" count="1" type="stmt"/>
      <line num="120" count="1" type="cond" truecount="1" falsecount="1"/>
      <line num="123" count="4" type="cond" truecount="2" falsecount="0"/>
      <line num="124" count="3" type="cond" truecount="2" falsecount="0"/>
      <line num="125" count="1" type="stmt"/>
      <line num="127" count="3" type="stmt"/>
      <line num="128" count="3" type="stmt"/>
      <line num="132" count="1" type="stmt"/>
      <line num="133" count="1" type="stmt"/>
      <line num="136" count="6" type="stmt"/>
      <line num="137" count="6" type="stmt"/>
      <line num="149" count="13" type="cond" truecount="2" falsecount="0"/>
      <line num="150" count="13" type="cond" truecount="2" falsecount="0"/>
      <line num="151" count="13" type="stmt"/>
      <line num="153" count="13" type="stmt"/>
      <line num="156" count="13" type="cond" truecount="1" falsecount="1"/>
      <line num="158" count="0" type="stmt"/>
      <line num="165" count="13" type="stmt"/>
      <line num="174" count="10" type="cond" truecount="2" falsecount="0"/>
      <line num="175" count="3" type="stmt"/>
      <line num="176" count="3" type="cond" truecount="2" falsecount="0"/>
      <line num="181" count="3" type="cond" truecount="2" falsecount="0"/>
      <line num="182" count="3" type="stmt"/>
      <line num="186" count="7" type="stmt"/>
      <line num="187" count="7" type="stmt"/>
      <line num="188" count="7" type="stmt"/>
      <line num="189" count="7" type="stmt"/>
      <line num="190" count="7" type="stmt"/>
      <line num="195" count="7" type="cond" truecount="2" falsecount="0"/>
      <line num="196" count="10" type="cond" truecount="1" falsecount="1"/>
      <line num="197" count="10" type="stmt"/>
      <line num="199" count="10" type="stmt"/>
      <line num="202" count="10" type="stmt"/>
      <line num="205" count="10" type="cond" truecount="2" falsecount="0"/>
      <line num="206" count="1" type="stmt"/>
      <line num="207" count="6" type="cond" truecount="2" falsecount="0"/>
      <line num="208" count="1" type="stmt"/>
      <line num="212" count="7" type="stmt"/>
      <line num="213" count="7" type="cond" truecount="2" falsecount="0"/>
      <line num="214" count="7" type="cond" truecount="1" falsecount="1"/>
      <line num="217" count="7" type="stmt"/>
      <line num="218" count="8" type="stmt"/>
      <line num="219" count="8" type="cond" truecount="2" falsecount="0"/>
      <line num="220" count="1" type="stmt"/>
      <line num="227" count="1" type="cond" truecount="1" falsecount="1"/>
      <line num="228" count="1" type="stmt"/>
      <line num="230" count="0" type="stmt"/>
      <line num="233" count="0" type="stmt"/>
      <line num="234" count="0" type="cond" truecount="0" falsecount="2"/>
      <line num="235" count="0" type="stmt"/>
      <line num="236" count="0" type="stmt"/>
      <line num="238" count="0" type="stmt"/>
      <line num="243" count="6" type="cond" truecount="2" falsecount="0"/>
      <line num="244" count="1" type="stmt"/>
      <line num="248" count="6" type="cond" truecount="2" falsecount="0"/>
      <line num="249" count="5" type="stmt"/>
      <line num="262" count="32" type="cond" truecount="2" falsecount="0"/>
      <line num="263" count="32" type="cond" truecount="2" falsecount="0"/>
      <line num="264" count="32" type="stmt"/>
      <line num="265" count="32" type="stmt"/>
      <line num="268" count="32" type="cond" truecount="2" falsecount="0"/>
      <line num="270" count="13" type="stmt"/>
      <line num="277" count="32" type="stmt"/>
      <line num="287" count="9" type="cond" truecount="2" falsecount="0"/>
      <line num="288" count="1" type="stmt"/>
      <line num="292" count="9" type="cond" truecount="4" falsecount="0"/>
      <line num="293" count="4" type="stmt"/>
      <line num="294" count="4" type="cond" truecount="2" falsecount="0"/>
      <line num="295" count="4" type="cond" truecount="2" falsecount="0"/>
      <line num="296" count="4" type="stmt"/>
      <line num="300" count="5" type="stmt"/>
      <line num="301" count="5" type="stmt"/>
      <line num="302" count="5" type="stmt"/>
      <line num="303" count="5" type="stmt"/>
      <line num="304" count="5" type="stmt"/>
      <line num="309" count="5" type="cond" truecount="1" falsecount="1"/>
      <line num="310" count="9" type="cond" truecount="1" falsecount="1"/>
      <line num="311" count="9" type="stmt"/>
      <line num="313" count="9" type="stmt"/>
      <line num="316" count="9" type="stmt"/>
      <line num="319" count="9" type="cond" truecount="2" falsecount="0"/>
      <line num="320" count="1" type="stmt"/>
      <line num="324" count="5" type="stmt"/>
      <line num="325" count="5" type="cond" truecount="1" falsecount="1"/>
      <line num="326" count="5" type="cond" truecount="1" falsecount="1"/>
      <line num="328" count="5" type="stmt"/>
      <line num="329" count="5" type="stmt"/>
      <line num="330" count="5" type="cond" truecount="2" falsecount="0"/>
      <line num="331" count="1" type="stmt"/>
      <line num="338" count="1" type="cond" truecount="1" falsecount="1"/>
      <line num="339" count="1" type="stmt"/>
      <line num="341" count="0" type="stmt"/>
      <line num="344" count="0" type="stmt"/>
      <line num="345" count="0" type="cond" truecount="0" falsecount="2"/>
      <line num="346" count="0" type="stmt"/>
      <line num="347" count="0" type="stmt"/>
      <line num="349" count="0" type="stmt"/>
      <line num="354" count="4" type="cond" truecount="2" falsecount="0"/>
      <line num="355" count="1" type="stmt"/>
      <line num="359" count="4" type="stmt"/>
      <line num="363" count="32" type="stmt"/>
      <line num="364" count="4" type="stmt"/>
      <line num="365" count="4" type="stmt"/>
      <line num="367" count="3" type="cond" truecount="2" falsecount="0"/>
      <line num="368" count="2" type="cond" truecount="2" falsecount="0"/>
      <line num="370" count="1" type="stmt"/>
      <line num="371" count="1" type="stmt"/>
    </file>
    <file name="prompt.ts" path="/home/runner/work/clily/clily/src/prompt.ts">
      <metrics statements="19" coveredstatements="15" conditionals="8" coveredconditionals="6" methods="2" coveredmethods="2"/>
      <line num="19" count="9" type="stmt"/>
      <line num="20" count="10" type="stmt"/>
      <line num="22" count="9" type="stmt"/>
      <line num="24" count="9" type="stmt"/>
      <line num="25" count="10" type="stmt"/>
      <line num="26" count="10" type="cond" truecount="2" falsecount="0"/>
      <line num="28" count="10" type="cond" truecount="2" falsecount="0"/>
      <line num="29" count="2" type="stmt"/>
      <line num="30" count="2" type="cond" truecount="1" falsecount="1"/>
      <line num="31" count="0" type="stmt"/>
      <line num="32" count="0" type="stmt"/>
      <line num="34" count="2" type="stmt"/>
      <line num="36" count="8" type="stmt"/>
      <line num="40" count="8" type="cond" truecount="1" falsecount="1"/>
      <line num="41" count="0" type="stmt"/>
      <line num="42" count="0" type="stmt"/>
      <line num="44" count="8" type="stmt"/>
      <line num="48" count="9" type="stmt"/>
      <line num="49" count="9" type="stmt"/>
    </file>
    <file name="schema.ts" path="/home/runner/work/clily/clily/src/schema.ts">
      <metrics statements="56" coveredstatements="42" conditionals="65" coveredconditionals="43" methods="9" coveredmethods="9"/>
      <line num="10" count="89" type="stmt"/>
      <line num="11" count="89" type="cond" truecount="4" falsecount="0"/>
      <line num="12" count="51" type="cond" truecount="2" falsecount="0"/>
      <line num="13" count="15" type="cond" truecount="2" falsecount="0"/>
      <line num="14" count="11" type="cond" truecount="2" falsecount="2"/>
      <line num="16" count="0" type="stmt"/>
      <line num="17" count="0" type="cond" truecount="0" falsecount="2"/>
      <line num="18" count="0" type="cond" truecount="0" falsecount="2"/>
      <line num="19" count="0" type="cond" truecount="0" falsecount="2"/>
      <line num="20" count="0" type="stmt"/>
      <line num="28" count="89" type="cond" truecount="4" falsecount="0"/>
      <line num="29" count="60" type="stmt"/>
      <line num="30" count="60" type="cond" truecount="2" falsecount="0"/>
      <line num="31" count="56" type="cond" truecount="1" falsecount="1"/>
      <line num="35" count="33" type="stmt"/>
      <line num="36" count="33" type="cond" truecount="1" falsecount="1"/>
      <line num="37" count="0" type="cond" truecount="0" falsecount="2"/>
      <line num="41" count="33" type="stmt"/>
      <line num="49" count="89" type="cond" truecount="5" falsecount="0"/>
      <line num="50" count="60" type="stmt"/>
      <line num="53" count="29" type="stmt"/>
      <line num="54" count="29" type="cond" truecount="1" falsecount="1"/>
      <line num="59" count="0" type="stmt"/>
      <line num="61" count="29" type="stmt"/>
      <line num="70" count="65" type="stmt"/>
      <line num="71" count="65" type="stmt"/>
      <line num="74" count="65" type="cond" truecount="4" falsecount="0"/>
      <line num="75" count="64" type="stmt"/>
      <line num="79" count="89" type="cond" truecount="2" falsecount="0"/>
      <line num="81" count="89" type="stmt"/>
      <line num="82" count="89" type="stmt"/>
      <line num="83" count="89" type="stmt"/>
      <line num="94" count="64" type="stmt"/>
      <line num="98" count="1" type="cond" truecount="2" falsecount="2"/>
      <line num="99" count="0" type="stmt"/>
      <line num="102" count="0" type="stmt"/>
      <line num="103" count="0" type="cond" truecount="0" falsecount="2"/>
      <line num="104" count="0" type="stmt"/>
      <line num="105" count="0" type="stmt"/>
      <line num="106" count="0" type="stmt"/>
      <line num="114" count="0" type="stmt"/>
      <line num="117" count="1" type="stmt"/>
      <line num="131" count="26" type="stmt"/>
      <line num="132" count="26" type="cond" truecount="2" falsecount="0"/>
      <line num="133" count="7" type="stmt"/>
      <line num="135" count="19" type="stmt"/>
      <line num="142" count="21" type="stmt"/>
      <line num="143" count="21" type="stmt"/>
      <line num="144" count="21" type="stmt"/>
      <line num="145" count="29" type="cond" truecount="2" falsecount="0"/>
      <line num="146" count="22" type="stmt"/>
      <line num="149" count="21" type="stmt"/>
      <line num="159" count="9" type="stmt"/>
      <line num="160" count="9" type="stmt"/>
      <line num="161" count="16" type="cond" truecount="3" falsecount="0"/>
      <line num="162" count="8" type="stmt"/>
    </file>
  </project>
</coverage>
