{
  "/home/runner/work/clily/clily/src/args.ts": {
    "path": "/home/runner/work/clily/clily/src/args.ts",
    "statementMap": {
      "0": { "start": { "line": 15, "column": 2 }, "end": { "line": 15, "column": null } },
      "1": { "start": { "line": 15, "column": 38 }, "end": { "line": 15, "column": 60 } },
      "2": { "start": { "line": 23, "column": 2 }, "end": { "line": 23, "column": null } },
      "3": { "start": { "line": 23, "column": 52 }, "end": { "line": 23, "column": 67 } },
      "4": { "start": { "line": 30, "column": 27 }, "end": { "line": 30, "column": 29 } },
      "5": { "start": { "line": 32, "column": 2 }, "end": { "line": 47, "column": null } },
      "6": { "start": { "line": 33, "column": 21 }, "end": { "line": 33, "column": 44 } },
      "7": { "start": { "line": 34, "column": 4 }, "end": { "line": 47, "column": null } },
      "8": { "start": { "line": 35, "column": 6 }, "end": { "line": 40, "column": null } },
      "9": { "start": { "line": 42, "column": 6 }, "end": { "line": 47, "column": null } },
      "10": { "start": { "line": 51, "column": 2 }, "end": { "line": 51, "column": null } },
      "11": { "start": { "line": 59, "column": 42 }, "end": { "line": 59, "column": 44 } },
      "12": { "start": { "line": 61, "column": 2 }, "end": { "line": 64, "column": null } },
      "13": { "start": { "line": 62, "column": 4 }, "end": { "line": 62, "column": null } },
      "14": { "start": { "line": 62, "column": 44 }, "end": { "line": 62, "column": null } },
      "15": { "start": { "line": 63, "column": 21 }, "end": { "line": 63, "column": 38 } },
      "16": { "start": { "line": 64, "column": 4 }, "end": { "line": 64, "column": null } },
      "17": { "start": { "line": 67, "column": 2 }, "end": { "line": 67, "column": null } }
    },
    "fnMap": {
      "0": {
        "name": "camelToKebab",
        "decl": { "start": { "line": 14, "column": 16 }, "end": { "line": 14, "column": 29 } },
        "loc": { "start": { "line": 14, "column": 50 }, "end": { "line": 15, "column": null } },
        "line": 14
      },
      "1": {
        "name": "(anonymous_1)",
        "decl": { "start": { "line": 15, "column": 21 }, "end": { "line": 15, "column": 32 } },
        "loc": { "start": { "line": 15, "column": 38 }, "end": { "line": 15, "column": 60 } },
        "line": 15
      },
      "2": {
        "name": "kebabToCamel",
        "decl": { "start": { "line": 22, "column": 16 }, "end": { "line": 22, "column": 29 } },
        "loc": { "start": { "line": 22, "column": 50 }, "end": { "line": 23, "column": null } },
        "line": 22
      },
      "3": {
        "name": "(anonymous_3)",
        "decl": { "start": { "line": 23, "column": 21 }, "end": { "line": 23, "column": 35 } },
        "loc": { "start": { "line": 23, "column": 52 }, "end": { "line": 23, "column": 67 } },
        "line": 23
      },
      "4": {
        "name": "schemaToCittyArgs",
        "decl": { "start": { "line": 29, "column": 16 }, "end": { "line": 29, "column": 34 } },
        "loc": { "start": { "line": 29, "column": 67 }, "end": { "line": 51, "column": null } },
        "line": 29
      },
      "5": {
        "name": "normalizeArgs",
        "decl": { "start": { "line": 58, "column": 16 }, "end": { "line": 58, "column": 30 } },
        "loc": { "start": { "line": 58, "column": 88 }, "end": { "line": 67, "column": null } },
        "line": 58
      }
    },
    "branchMap": {
      "0": {
        "loc": { "start": { "line": 34, "column": 4 }, "end": { "line": 47, "column": null } },
        "type": "if",
        "locations": [
          { "start": { "line": 34, "column": 4 }, "end": { "line": 47, "column": null } },
          { "start": { "line": 41, "column": 11 }, "end": { "line": 47, "column": null } }
        ],
        "line": 34
      },
      "1": {
        "loc": { "start": { "line": 37, "column": 21 }, "end": { "line": 37, "column": null } },
        "type": "binary-expr",
        "locations": [
          { "start": { "line": 37, "column": 21 }, "end": { "line": 37, "column": 42 } },
          { "start": { "line": 37, "column": 42 }, "end": { "line": 37, "column": null } }
        ],
        "line": 37
      },
      "2": {
        "loc": { "start": { "line": 44, "column": 21 }, "end": { "line": 44, "column": null } },
        "type": "binary-expr",
        "locations": [
          { "start": { "line": 44, "column": 21 }, "end": { "line": 44, "column": 42 } },
          { "start": { "line": 44, "column": 42 }, "end": { "line": 44, "column": null } }
        ],
        "line": 44
      },
      "3": {
        "loc": { "start": { "line": 62, "column": 4 }, "end": { "line": 62, "column": null } },
        "type": "if",
        "locations": [
          { "start": { "line": 62, "column": 4 }, "end": { "line": 62, "column": null } },
          { "start": {}, "end": {} }
        ],
        "line": 62
      },
      "4": {
        "loc": { "start": { "line": 62, "column": 8 }, "end": { "line": 62, "column": 44 } },
        "type": "binary-expr",
        "locations": [
          { "start": { "line": 62, "column": 8 }, "end": { "line": 62, "column": 31 } },
          { "start": { "line": 62, "column": 31 }, "end": { "line": 62, "column": 44 } }
        ],
        "line": 62
      }
    },
    "s": {
      "0": 42,
      "1": 22,
      "2": 11,
      "3": 6,
      "4": 96,
      "5": 96,
      "6": 28,
      "7": 28,
      "8": 14,
      "9": 14,
      "10": 96,
      "11": 17,
      "12": 17,
      "13": 10,
      "14": 2,
      "15": 8,
      "16": 8,
      "17": 17
    },
    "f": { "0": 42, "1": 22, "2": 11, "3": 6, "4": 96, "5": 17 },
    "b": { "0": [14, 14], "1": [14, 13], "2": [14, 13], "3": [2, 8], "4": [10, 9] },
    "meta": {
      "lastBranch": 5,
      "lastFunction": 6,
      "lastStatement": 18,
      "seen": {
        "f:14:16:14:29": 0,
        "s:15:2:15:Infinity": 0,
        "f:15:21:15:32": 1,
        "s:15:38:15:60": 1,
        "f:22:16:22:29": 2,
        "s:23:2:23:Infinity": 2,
        "f:23:21:23:35": 3,
        "s:23:52:23:67": 3,
        "f:29:16:29:34": 4,
        "s:30:27:30:29": 4,
        "s:32:2:47:Infinity": 5,
        "s:33:21:33:44": 6,
        "b:34:4:47:Infinity:41:11:47:Infinity": 0,
        "s:34:4:47:Infinity": 7,
        "s:35:6:40:Infinity": 8,
        "b:37:21:37:42:37:42:37:Infinity": 1,
        "s:42:6:47:Infinity": 9,
        "b:44:21:44:42:44:42:44:Infinity": 2,
        "s:51:2:51:Infinity": 10,
        "f:58:16:58:30": 5,
        "s:59:42:59:44": 11,
        "s:61:2:64:Infinity": 12,
        "b:62:4:62:Infinity:undefined:undefined:undefined:undefined": 3,
        "s:62:4:62:Infinity": 13,
        "b:62:8:62:31:62:31:62:44": 4,
        "s:62:44:62:Infinity": 14,
        "s:63:21:63:38": 15,
        "s:64:4:64:Infinity": 16,
        "s:67:2:67:Infinity": 17
      }
    }
  },
  "/home/runner/work/clily/clily/src/config.ts": {
    "path": "/home/runner/work/clily/clily/src/config.ts",
    "statementMap": {
      "0": { "start": { "line": 20, "column": 21 }, "end": { "line": 27, "column": 4 } },
      "1": { "start": { "line": 29, "column": 2 }, "end": { "line": 29, "column": null } }
    },
    "fnMap": {
      "0": {
        "name": "loadClilyConfig",
        "decl": { "start": { "line": 17, "column": 22 }, "end": { "line": 17, "column": null } },
        "loc": { "start": { "line": 19, "column": 36 }, "end": { "line": 29, "column": null } },
        "line": 19
      }
    },
    "branchMap": {
      "0": {
        "loc": { "start": { "line": 22, "column": 9 }, "end": { "line": 22, "column": 37 } },
        "type": "binary-expr",
        "locations": [
          { "start": { "line": 22, "column": 9 }, "end": { "line": 22, "column": 24 } },
          { "start": { "line": 22, "column": 24 }, "end": { "line": 22, "column": 37 } }
        ],
        "line": 22
      },
      "1": {
        "loc": { "start": { "line": 29, "column": 10 }, "end": { "line": 29, "column": 50 } },
        "type": "binary-expr",
        "locations": [
          { "start": { "line": 29, "column": 10 }, "end": { "line": 29, "column": 48 } },
          { "start": { "line": 29, "column": 48 }, "end": { "line": 29, "column": 50 } }
        ],
        "line": 29
      }
    },
    "s": { "0": 15, "1": 13 },
    "f": { "0": 15 },
    "b": { "0": [15, 14], "1": [13, 1] },
    "meta": {
      "lastBranch": 2,
      "lastFunction": 1,
      "lastStatement": 2,
      "seen": {
        "f:17:22:17:Infinity": 0,
        "s:20:21:27:4": 0,
        "b:22:9:22:24:22:24:22:37": 0,
        "s:29:2:29:Infinity": 1,
        "b:29:10:29:48:29:48:29:50": 1
      }
    }
  },
  "/home/runner/work/clily/clily/src/env.ts": {
    "path": "/home/runner/work/clily/clily/src/env.ts",
    "statementMap": {
      "0": { "start": { "line": 13, "column": 2 }, "end": { "line": 13, "column": null } },
      "1": { "start": { "line": 21, "column": 2 }, "end": { "line": 21, "column": null } },
      "2": { "start": { "line": 21, "column": 69 }, "end": { "line": 21, "column": 84 } },
      "3": { "start": { "line": 29, "column": 2 }, "end": { "line": 29, "column": null } },
      "4": { "start": { "line": 29, "column": 43 }, "end": { "line": 29, "column": 51 } },
      "5": { "start": { "line": 40, "column": 17 }, "end": { "line": 40, "column": 34 } },
      "6": { "start": { "line": 41, "column": 41 }, "end": { "line": 41, "column": 43 } },
      "7": { "start": { "line": 43, "column": 2 }, "end": { "line": 47, "column": null } },
      "8": { "start": { "line": 44, "column": 4 }, "end": { "line": 47, "column": null } },
      "9": { "start": { "line": 45, "column": 21 }, "end": { "line": 45, "column": 45 } },
      "10": { "start": { "line": 46, "column": 6 }, "end": { "line": 47, "column": null } },
      "11": { "start": { "line": 47, "column": 8 }, "end": { "line": 47, "column": null } },
      "12": { "start": { "line": 52, "column": 2 }, "end": { "line": 52, "column": null } }
    },
    "fnMap": {
      "0": {
        "name": "toEnvPrefix",
        "decl": { "start": { "line": 12, "column": 16 }, "end": { "line": 12, "column": 28 } },
        "loc": { "start": { "line": 12, "column": 50 }, "end": { "line": 13, "column": null } },
        "line": 12
      },
      "1": {
        "name": "envKeyToCamel",
        "decl": { "start": { "line": 20, "column": 16 }, "end": { "line": 20, "column": 30 } },
        "loc": { "start": { "line": 20, "column": 54 }, "end": { "line": 21, "column": null } },
        "line": 20
      },
      "2": {
        "name": "(anonymous_2)",
        "decl": { "start": { "line": 21, "column": 38 }, "end": { "line": 21, "column": 52 } },
        "loc": { "start": { "line": 21, "column": 69 }, "end": { "line": 21, "column": 84 } },
        "line": 21
      },
      "3": {
        "name": "camelToEnvKey",
        "decl": { "start": { "line": 28, "column": 16 }, "end": { "line": 28, "column": 30 } },
        "loc": { "start": { "line": 28, "column": 56 }, "end": { "line": 29, "column": null } },
        "line": 28
      },
      "4": {
        "name": "(anonymous_4)",
        "decl": { "start": { "line": 29, "column": 26 }, "end": { "line": 29, "column": 37 } },
        "loc": { "start": { "line": 29, "column": 43 }, "end": { "line": 29, "column": 51 } },
        "line": 29
      },
      "5": {
        "name": "resolveEnvVars",
        "decl": { "start": { "line": 36, "column": 16 }, "end": { "line": 36, "column": null } },
        "loc": { "start": { "line": 39, "column": 26 }, "end": { "line": 52, "column": null } },
        "line": 39
      }
    },
    "branchMap": {
      "0": {
        "loc": { "start": { "line": 38, "column": 2 }, "end": { "line": 38, "column": null } },
        "type": "default-arg",
        "locations": [
          { "start": { "line": 38, "column": 44 }, "end": { "line": 38, "column": null } }
        ],
        "line": 38
      },
      "1": {
        "loc": { "start": { "line": 44, "column": 4 }, "end": { "line": 47, "column": null } },
        "type": "if",
        "locations": [
          { "start": { "line": 44, "column": 4 }, "end": { "line": 47, "column": null } },
          { "start": {}, "end": {} }
        ],
        "line": 44
      },
      "2": {
        "loc": { "start": { "line": 44, "column": 8 }, "end": { "line": 44, "column": 55 } },
        "type": "binary-expr",
        "locations": [
          { "start": { "line": 44, "column": 8 }, "end": { "line": 44, "column": 30 } },
          { "start": { "line": 44, "column": 34 }, "end": { "line": 44, "column": 55 } }
        ],
        "line": 44
      },
      "3": {
        "loc": { "start": { "line": 46, "column": 6 }, "end": { "line": 47, "column": null } },
        "type": "if",
        "locations": [
          { "start": { "line": 46, "column": 6 }, "end": { "line": 47, "column": null } },
          { "start": {}, "end": {} }
        ],
        "line": 46
      }
    },
    "s": {
      "0": 24,
      "1": 9,
      "2": 7,
      "3": 3,
      "4": 2,
      "5": 20,
      "6": 20,
      "7": 20,
      "8": 2505,
      "9": 6,
      "10": 6,
      "11": 5,
      "12": 20
    },
    "f": { "0": 24, "1": 9, "2": 7, "3": 3, "4": 2, "5": 20 },
    "b": { "0": [20], "1": [6, 2499], "2": [2505, 7], "3": [5, 1] },
    "meta": {
      "lastBranch": 4,
      "lastFunction": 6,
      "lastStatement": 13,
      "seen": {
        "f:12:16:12:28": 0,
        "s:13:2:13:Infinity": 0,
        "f:20:16:20:30": 1,
        "s:21:2:21:Infinity": 1,
        "f:21:38:21:52": 2,
        "s:21:69:21:84": 2,
        "f:28:16:28:30": 3,
        "s:29:2:29:Infinity": 3,
        "f:29:26:29:37": 4,
        "s:29:43:29:51": 4,
        "f:36:16:36:Infinity": 5,
        "b:38:44:38:Infinity": 0,
        "s:40:17:40:34": 5,
        "s:41:41:41:43": 6,
        "s:43:2:47:Infinity": 7,
        "b:44:4:47:Infinity:undefined:undefined:undefined:undefined": 1,
        "s:44:4:47:Infinity": 8,
        "b:44:8:44:30:44:34:44:55": 2,
        "s:45:21:45:45": 9,
        "b:46:6:47:Infinity:undefined:undefined:undefined:undefined": 3,
        "s:46:6:47:Infinity": 10,
        "s:47:8:47:Infinity": 11,
        "s:52:2:52:Infinity": 12
      }
    }
  },
  "/home/runner/work/clily/clily/src/help.ts": {
    "path": "/home/runner/work/clily/clily/src/help.ts",
    "statementMap": {
      "0": { "start": { "line": 16, "column": 15 }, "end": { "line": 16, "column": null } },
      "1": { "start": { "line": 17, "column": 18 }, "end": { "line": 17, "column": null } },
      "2": { "start": { "line": 18, "column": 17 }, "end": { "line": 18, "column": null } },
      "3": { "start": { "line": 20, "column": 4 }, "end": { "line": 20, "column": null } },
      "4": { "start": { "line": 21, "column": 18 }, "end": { "line": 21, "column": null } },
      "5": { "start": { "line": 23, "column": 2 }, "end": { "line": 23, "column": null } },
      "6": { "start": { "line": 33, "column": 26 }, "end": { "line": 33, "column": 28 } },
      "7": { "start": { "line": 34, "column": 15 }, "end": { "line": 34, "column": null } },
      "8": { "start": { "line": 35, "column": 22 }, "end": { "line": 35, "column": null } },
      "9": { "start": { "line": 38, "column": 2 }, "end": { "line": 41, "column": null } },
      "10": { "start": { "line": 39, "column": 4 }, "end": { "line": 39, "column": null } },
      "11": { "start": { "line": 41, "column": 4 }, "end": { "line": 41, "column": null } },
      "12": { "start": { "line": 44, "column": 2 }, "end": { "line": 45, "column": null } },
      "13": { "start": { "line": 45, "column": 4 }, "end": { "line": 45, "column": null } },
      "14": { "start": { "line": 47, "column": 2 }, "end": { "line": 47, "column": null } },
      "15": { "start": { "line": 50, "column": 2 }, "end": { "line": 50, "column": null } },
      "16": { "start": { "line": 51, "column": 22 }, "end": { "line": 51, "column": null } },
      "17": { "start": { "line": 52, "column": 2 }, "end": { "line": 55, "column": null } },
      "18": { "start": { "line": 53, "column": 4 }, "end": { "line": 53, "column": null } },
      "19": { "start": { "line": 55, "column": 4 }, "end": { "line": 55, "column": null } },
      "20": { "start": { "line": 57, "column": 2 }, "end": { "line": 57, "column": null } },
      "21": { "start": { "line": 60, "column": 2 }, "end": { "line": 67, "column": null } },
      "22": { "start": { "line": 61, "column": 10 }, "end": { "line": 61, "column": 54 } },
      "23": { "start": { "line": 62, "column": 4 }, "end": { "line": 67, "column": null } },
      "24": { "start": { "line": 63, "column": 6 }, "end": { "line": 63, "column": null } },
      "25": { "start": { "line": 64, "column": 6 }, "end": { "line": 65, "column": null } },
      "26": { "start": { "line": 65, "column": 8 }, "end": { "line": 65, "column": null } },
      "27": { "start": { "line": 67, "column": 6 }, "end": { "line": 67, "column": null } },
      "28": { "start": { "line": 72, "column": 2 }, "end": { "line": 79, "column": null } },
      "29": { "start": { "line": 73, "column": 10 }, "end": { "line": 73, "column": 52 } },
      "30": { "start": { "line": 74, "column": 4 }, "end": { "line": 79, "column": null } },
      "31": { "start": { "line": 75, "column": 6 }, "end": { "line": 75, "column": null } },
      "32": { "start": { "line": 76, "column": 6 }, "end": { "line": 77, "column": null } },
      "33": { "start": { "line": 77, "column": 8 }, "end": { "line": 77, "column": null } },
      "34": { "start": { "line": 79, "column": 6 }, "end": { "line": 79, "column": null } },
      "35": { "start": { "line": 84, "column": 2 }, "end": { "line": 90, "column": null } },
      "36": { "start": { "line": 85, "column": 4 }, "end": { "line": 85, "column": null } },
      "37": { "start": { "line": 86, "column": 4 }, "end": { "line": 88, "column": null } },
      "38": { "start": { "line": 87, "column": 19 }, "end": { "line": 87, "column": null } },
      "39": { "start": { "line": 88, "column": 6 }, "end": { "line": 88, "column": null } },
      "40": { "start": { "line": 90, "column": 4 }, "end": { "line": 90, "column": null } },
      "41": { "start": { "line": 94, "column": 2 }, "end": { "line": 94, "column": null } },
      "42": { "start": { "line": 96, "column": 2 }, "end": { "line": 96, "column": null } }
    },
    "fnMap": {
      "0": {
        "name": "formatFlag",
        "decl": { "start": { "line": 15, "column": 9 }, "end": { "line": 15, "column": 20 } },
        "loc": { "start": { "line": 15, "column": 48 }, "end": { "line": 23, "column": null } },
        "line": 15
      },
      "1": {
        "name": "generateHelp",
        "decl": { "start": { "line": 29, "column": 16 }, "end": { "line": 29, "column": null } },
        "loc": { "start": { "line": 32, "column": 10 }, "end": { "line": 96, "column": null } },
        "line": 32
      }
    },
    "branchMap": {
      "0": {
        "loc": { "start": { "line": 17, "column": 18 }, "end": { "line": 17, "column": null } },
        "type": "cond-expr",
        "locations": [
          { "start": { "line": 17, "column": 45 }, "end": { "line": 17, "column": 65 } },
          { "start": { "line": 17, "column": 65 }, "end": { "line": 17, "column": null } }
        ],
        "line": 17
      },
      "1": {
        "loc": { "start": { "line": 18, "column": 17 }, "end": { "line": 18, "column": null } },
        "type": "cond-expr",
        "locations": [
          { "start": { "line": 18, "column": 34 }, "end": { "line": 18, "column": 54 } },
          { "start": { "line": 18, "column": 57 }, "end": { "line": 18, "column": null } }
        ],
        "line": 18
      },
      "2": {
        "loc": { "start": { "line": 20, "column": 4 }, "end": { "line": 20, "column": null } },
        "type": "cond-expr",
        "locations": [
          { "start": { "line": 20, "column": 34 }, "end": { "line": 20, "column": 87 } },
          { "start": { "line": 20, "column": 90 }, "end": { "line": 20, "column": null } }
        ],
        "line": 20
      },
      "3": {
        "loc": { "start": { "line": 21, "column": 18 }, "end": { "line": 21, "column": null } },
        "type": "cond-expr",
        "locations": [
          { "start": { "line": 21, "column": 38 }, "end": { "line": 21, "column": 58 } },
          { "start": { "line": 21, "column": 58 }, "end": { "line": 21, "column": null } }
        ],
        "line": 21
      },
      "4": {
        "loc": { "start": { "line": 31, "column": 2 }, "end": { "line": 31, "column": 28 } },
        "type": "default-arg",
        "locations": [
          { "start": { "line": 31, "column": 26 }, "end": { "line": 31, "column": 28 } }
        ],
        "line": 31
      },
      "5": {
        "loc": { "start": { "line": 34, "column": 15 }, "end": { "line": 34, "column": null } },
        "type": "cond-expr",
        "locations": [
          { "start": { "line": 34, "column": 34 }, "end": { "line": 34, "column": 49 } },
          { "start": { "line": 34, "column": 49 }, "end": { "line": 34, "column": null } }
        ],
        "line": 34
      },
      "6": {
        "loc": { "start": { "line": 34, "column": 49 }, "end": { "line": 34, "column": null } },
        "type": "binary-expr",
        "locations": [
          { "start": { "line": 34, "column": 49 }, "end": { "line": 34, "column": 67 } },
          { "start": { "line": 34, "column": 71 }, "end": { "line": 34, "column": null } }
        ],
        "line": 34
      },
      "7": {
        "loc": { "start": { "line": 35, "column": 22 }, "end": { "line": 35, "column": null } },
        "type": "cond-expr",
        "locations": [
          { "start": { "line": 35, "column": 47 }, "end": { "line": 35, "column": 68 } },
          { "start": { "line": 35, "column": 71 }, "end": { "line": 35, "column": null } }
        ],
        "line": 35
      },
      "8": {
        "loc": { "start": { "line": 38, "column": 2 }, "end": { "line": 41, "column": null } },
        "type": "if",
        "locations": [
          { "start": { "line": 38, "column": 2 }, "end": { "line": 41, "column": null } },
          { "start": { "line": 40, "column": 9 }, "end": { "line": 41, "column": null } }
        ],
        "line": 38
      },
      "9": {
        "loc": { "start": { "line": 38, "column": 6 }, "end": { "line": 38, "column": 45 } },
        "type": "binary-expr",
        "locations": [
          { "start": { "line": 38, "column": 6 }, "end": { "line": 38, "column": 29 } },
          { "start": { "line": 38, "column": 29 }, "end": { "line": 38, "column": 45 } }
        ],
        "line": 38
      },
      "10": {
        "loc": { "start": { "line": 44, "column": 2 }, "end": { "line": 45, "column": null } },
        "type": "if",
        "locations": [
          { "start": { "line": 44, "column": 2 }, "end": { "line": 45, "column": null } },
          { "start": {}, "end": {} }
        ],
        "line": 44
      },
      "11": {
        "loc": { "start": { "line": 51, "column": 22 }, "end": { "line": 51, "column": null } },
        "type": "binary-expr",
        "locations": [
          { "start": { "line": 51, "column": 22 }, "end": { "line": 51, "column": 41 } },
          { "start": { "line": 51, "column": 41 }, "end": { "line": 51, "column": null } }
        ],
        "line": 51
      },
      "12": {
        "loc": { "start": { "line": 52, "column": 2 }, "end": { "line": 55, "column": null } },
        "type": "if",
        "locations": [
          { "start": { "line": 52, "column": 2 }, "end": { "line": 55, "column": null } },
          { "start": { "line": 54, "column": 9 }, "end": { "line": 55, "column": null } }
        ],
        "line": 52
      },
      "13": {
        "loc": { "start": { "line": 60, "column": 2 }, "end": { "line": 67, "column": null } },
        "type": "if",
        "locations": [
          { "start": { "line": 60, "column": 2 }, "end": { "line": 67, "column": null } },
          { "start": {}, "end": {} }
        ],
        "line": 60
      },
      "14": {
        "loc": { "start": { "line": 60, "column": 6 }, "end": { "line": 60, "column": 41 } },
        "type": "binary-expr",
        "locations": [
          { "start": { "line": 60, "column": 6 }, "end": { "line": 60, "column": 27 } },
          { "start": { "line": 60, "column": 27 }, "end": { "line": 60, "column": 41 } }
        ],
        "line": 60
      },
      "15": {
        "loc": { "start": { "line": 62, "column": 4 }, "end": { "line": 67, "column": null } },
        "type": "if",
        "locations": [
          { "start": { "line": 62, "column": 4 }, "end": { "line": 67, "column": null } },
          { "start": {}, "end": {} }
        ],
        "line": 62
      },
      "16": {
        "loc": { "start": { "line": 72, "column": 2 }, "end": { "line": 79, "column": null } },
        "type": "if",
        "locations": [
          { "start": { "line": 72, "column": 2 }, "end": { "line": 79, "column": null } },
          { "start": {}, "end": {} }
        ],
        "line": 72
      },
      "17": {
        "loc": { "start": { "line": 74, "column": 4 }, "end": { "line": 79, "column": null } },
        "type": "if",
        "locations": [
          { "start": { "line": 74, "column": 4 }, "end": { "line": 79, "column": null } },
          { "start": {}, "end": {} }
        ],
        "line": 74
      },
      "18": {
        "loc": { "start": { "line": 84, "column": 2 }, "end": { "line": 90, "column": null } },
        "type": "if",
        "locations": [
          { "start": { "line": 84, "column": 2 }, "end": { "line": 90, "column": null } },
          { "start": {}, "end": {} }
        ],
        "line": 84
      },
      "19": {
        "loc": { "start": { "line": 87, "column": 19 }, "end": { "line": 87, "column": null } },
        "type": "binary-expr",
        "locations": [
          { "start": { "line": 87, "column": 19 }, "end": { "line": 87, "column": 44 } },
          { "start": { "line": 87, "column": 44 }, "end": { "line": 87, "column": null } }
        ],
        "line": 87
      }
    },
    "s": {
      "0": 10,
      "1": 10,
      "2": 10,
      "3": 10,
      "4": 10,
      "5": 10,
      "6": 18,
      "7": 18,
      "8": 18,
      "9": 18,
      "10": 3,
      "11": 15,
      "12": 18,
      "13": 6,
      "14": 18,
      "15": 18,
      "16": 18,
      "17": 18,
      "18": 3,
      "19": 15,
      "20": 18,
      "21": 18,
      "22": 2,
      "23": 2,
      "24": 2,
      "25": 2,
      "26": 4,
      "27": 2,
      "28": 18,
      "29": 5,
      "30": 5,
      "31": 5,
      "32": 5,
      "33": 6,
      "34": 5,
      "35": 18,
      "36": 3,
      "37": 3,
      "38": 5,
      "39": 5,
      "40": 3,
      "41": 18,
      "42": 18
    },
    "f": { "0": 10, "1": 18 },
    "b": {
      "0": [10, 0],
      "1": [3, 7],
      "2": [7, 3],
      "3": [0, 10],
      "4": [18],
      "5": [14, 4],
      "6": [4, 0],
      "7": [4, 14],
      "8": [3, 15],
      "9": [18, 3],
      "10": [6, 12],
      "11": [18, 3],
      "12": [3, 15],
      "13": [2, 16],
      "14": [18, 2],
      "15": [2, 0],
      "16": [5, 13],
      "17": [5, 0],
      "18": [3, 15],
      "19": [5, 0]
    },
    "meta": {
      "lastBranch": 20,
      "lastFunction": 2,
      "lastStatement": 43,
      "seen": {
        "f:15:9:15:20": 0,
        "s:16:15:16:Infinity": 0,
        "s:17:18:17:Infinity": 1,
        "b:17:45:17:65:17:65:17:Infinity": 0,
        "s:18:17:18:Infinity": 2,
        "b:18:34:18:54:18:57:18:Infinity": 1,
        "s:20:4:20:Infinity": 3,
        "b:20:34:20:87:20:90:20:Infinity": 2,
        "s:21:18:21:Infinity": 4,
        "b:21:38:21:58:21:58:21:Infinity": 3,
        "s:23:2:23:Infinity": 5,
        "f:29:16:29:Infinity": 1,
        "b:31:26:31:28": 4,
        "s:33:26:33:28": 6,
        "s:34:15:34:Infinity": 7,
        "b:34:34:34:49:34:49:34:Infinity": 5,
        "b:34:49:34:67:34:71:34:Infinity": 6,
        "s:35:22:35:Infinity": 8,
        "b:35:47:35:68:35:71:35:Infinity": 7,
        "b:38:2:41:Infinity:40:9:41:Infinity": 8,
        "s:38:2:41:Infinity": 9,
        "b:38:6:38:29:38:29:38:45": 9,
        "s:39:4:39:Infinity": 10,
        "s:41:4:41:Infinity": 11,
        "b:44:2:45:Infinity:undefined:undefined:undefined:undefined": 10,
        "s:44:2:45:Infinity": 12,
        "s:45:4:45:Infinity": 13,
        "s:47:2:47:Infinity": 14,
        "s:50:2:50:Infinity": 15,
        "s:51:22:51:Infinity": 16,
        "b:51:22:51:41:51:41:51:Infinity": 11,
        "b:52:2:55:Infinity:54:9:55:Infinity": 12,
        "s:52:2:55:Infinity": 17,
        "s:53:4:53:Infinity": 18,
        "s:55:4:55:Infinity": 19,
        "s:57:2:57:Infinity": 20,
        "b:60:2:67:Infinity:undefined:undefined:undefined:undefined": 13,
        "s:60:2:67:Infinity": 21,
        "b:60:6:60:27:60:27:60:41": 14,
        "s:61:10:61:54": 22,
        "b:62:4:67:Infinity:undefined:undefined:undefined:undefined": 15,
        "s:62:4:67:Infinity": 23,
        "s:63:6:63:Infinity": 24,
        "s:64:6:65:Infinity": 25,
        "s:65:8:65:Infinity": 26,
        "s:67:6:67:Infinity": 27,
        "b:72:2:79:Infinity:undefined:undefined:undefined:undefined": 16,
        "s:72:2:79:Infinity": 28,
        "s:73:10:73:52": 29,
        "b:74:4:79:Infinity:undefined:undefined:undefined:undefined": 17,
        "s:74:4:79:Infinity": 30,
        "s:75:6:75:Infinity": 31,
        "s:76:6:77:Infinity": 32,
        "s:77:8:77:Infinity": 33,
        "s:79:6:79:Infinity": 34,
        "b:84:2:90:Infinity:undefined:undefined:undefined:undefined": 18,
        "s:84:2:90:Infinity": 35,
        "s:85:4:85:Infinity": 36,
        "s:86:4:88:Infinity": 37,
        "s:87:19:87:Infinity": 38,
        "b:87:19:87:44:87:44:87:Infinity": 19,
        "s:88:6:88:Infinity": 39,
        "s:90:4:90:Infinity": 40,
        "s:94:2:94:Infinity": 41,
        "s:96:2:96:Infinity": 42
      }
    }
  },
  "/home/runner/work/clily/clily/src/index.ts": {
    "path": "/home/runner/work/clily/clily/src/index.ts",
    "statementMap": {
      "0": { "start": { "line": 42, "column": 2 }, "end": { "line": 45, "column": null } },
      "1": { "start": { "line": 59, "column": 2 }, "end": { "line": 59, "column": null } },
      "2": { "start": { "line": 69, "column": 17 }, "end": { "line": 69, "column": 28 } },
      "3": { "start": { "line": 70, "column": 2 }, "end": { "line": 78, "column": null } },
      "4": { "start": { "line": 71, "column": 16 }, "end": { "line": 71, "column": null } },
      "5": { "start": { "line": 72, "column": 4 }, "end": { "line": 72, "column": null } },
      "6": { "start": { "line": 72, "column": 27 }, "end": { "line": 72, "column": null } },
      "7": { "start": { "line": 73, "column": 4 }, "end": { "line": 78, "column": null } },
      "8": { "start": { "line": 74, "column": 6 }, "end": { "line": 75, "column": null } },
      "9": { "start": { "line": 74, "column": 41 }, "end": { "line": 74, "column": null } },
      "10": { "start": { "line": 75, "column": 15 }, "end": { "line": 75, "column": null } },
      "11": { "start": { "line": 75, "column": 47 }, "end": { "line": 75, "column": null } },
      "12": { "start": { "line": 76, "column": 15 }, "end": { "line": 78, "column": null } },
      "13": { "start": { "line": 77, "column": 18 }, "end": { "line": 77, "column": 29 } },
      "14": { "start": { "line": 78, "column": 6 }, "end": { "line": 78, "column": null } },
      "15": { "start": { "line": 78, "column": 30 }, "end": { "line": 78, "column": null } },
      "16": { "start": { "line": 81, "column": 2 }, "end": { "line": 81, "column": null } },
      "17": { "start": { "line": 88, "column": 2 }, "end": { "line": 93, "column": null } },
      "18": { "start": { "line": 90, "column": 6 }, "end": { "line": 92, "column": null } },
      "19": { "start": { "line": 91, "column": 24 }, "end": { "line": 91, "column": 79 } },
      "20": { "start": { "line": 93, "column": 4 }, "end": { "line": 93, "column": null } },
      "21": { "start": { "line": 108, "column": 2 }, "end": { "line": 109, "column": null } },
      "22": { "start": { "line": 109, "column": 4 }, "end": { "line": 109, "column": null } },
      "23": { "start": { "line": 112, "column": 2 }, "end": { "line": 137, "column": null } },
      "24": { "start": { "line": 114, "column": 24 }, "end": { "line": 121, "column": null } },
      "25": { "start": { "line": 117, "column": 25 }, "end": { "line": 117, "column": 53 } },
      "26": { "start": { "line": 119, "column": 24 }, "end": { "line": 119, "column": null } },
      "27": { "start": { "line": 120, "column": 12 }, "end": { "line": 120, "column": null } },
      "28": { "start": { "line": 123, "column": 4 }, "end": { "line": 128, "column": null } },
      "29": { "start": { "line": 124, "column": 6 }, "end": { "line": 125, "column": null } },
      "30": { "start": { "line": 125, "column": 8 }, "end": { "line": 125, "column": null } },
      "31": { "start": { "line": 127, "column": 23 }, "end": { "line": 127, "column": 70 } },
      "32": { "start": { "line": 128, "column": 6 }, "end": { "line": 128, "column": null } },
      "33": { "start": { "line": 132, "column": 4 }, "end": { "line": 132, "column": null } },
      "34": { "start": { "line": 133, "column": 4 }, "end": { "line": 133, "column": null } },
      "35": { "start": { "line": 136, "column": 4 }, "end": { "line": 136, "column": null } },
      "36": { "start": { "line": 137, "column": 4 }, "end": { "line": 137, "column": null } },
      "37": { "start": { "line": 149, "column": 22 }, "end": { "line": 149, "column": 80 } },
      "38": { "start": { "line": 150, "column": 21 }, "end": { "line": 150, "column": 79 } },
      "39": { "start": { "line": 151, "column": 21 }, "end": { "line": 151, "column": 52 } },
      "40": { "start": { "line": 153, "column": 20 }, "end": { "line": 153, "column": 57 } },
      "41": { "start": { "line": 156, "column": 50 }, "end": { "line": 163, "column": null } },
      "42": { "start": { "line": 158, "column": 75 }, "end": { "line": 160, "column": null } },
      "43": { "start": { "line": 165, "column": 2 }, "end": { "line": 252, "column": null } },
      "44": { "start": { "line": 174, "column": 6 }, "end": { "line": 182, "column": null } },
      "45": { "start": { "line": 175, "column": 14 }, "end": { "line": 175, "column": 75 } },
      "46": { "start": { "line": 176, "column": 24 }, "end": { "line": 180, "column": null } },
      "47": { "start": { "line": 181, "column": 8 }, "end": { "line": 181, "column": null } },
      "48": { "start": { "line": 182, "column": 8 }, "end": { "line": 182, "column": null } },
      "49": { "start": { "line": 186, "column": 12 }, "end": { "line": 186, "column": 85 } },
      "50": { "start": { "line": 187, "column": 12 }, "end": { "line": 187, "column": 53 } },
      "51": { "start": { "line": 188, "column": 48 }, "end": { "line": 188, "column": 50 } },
      "52": { "start": { "line": 189, "column": 6 }, "end": { "line": 191, "column": null } },
      "53": { "start": { "line": 190, "column": 8 }, "end": { "line": 190, "column": null } },
      "54": { "start": { "line": 195, "column": 27 }, "end": { "line": 195, "column": 86 } },
      "55": { "start": { "line": 196, "column": 26 }, "end": { "line": 196, "column": 85 } },
      "56": { "start": { "line": 197, "column": 29 }, "end": { "line": 197, "column": null } },
      "57": { "start": { "line": 199, "column": 25 }, "end": { "line": 199, "column": 88 } },
      "58": { "start": { "line": 202, "column": 6 }, "end": { "line": 202, "column": null } },
      "59": { "start": { "line": 205, "column": 6 }, "end": { "line": 208, "column": null } },
      "60": { "start": { "line": 206, "column": 8 }, "end": { "line": 206, "column": null } },
      "61": { "start": { "line": 207, "column": 17 }, "end": { "line": 208, "column": null } },
      "62": { "start": { "line": 208, "column": 8 }, "end": { "line": 208, "column": null } },
      "63": { "start": { "line": 212, "column": 52 }, "end": { "line": 212, "column": 54 } },
      "64": { "start": { "line": 213, "column": 6 }, "end": { "line": 213, "column": null } },
      "65": { "start": { "line": 213, "column": 28 }, "end": { "line": 213, "column": null } },
      "66": { "start": { "line": 214, "column": 6 }, "end": { "line": 214, "column": null } },
      "67": { "start": { "line": 214, "column": 28 }, "end": { "line": 214, "column": null } },
      "68": { "start": { "line": 217, "column": 6 }, "end": { "line": 238, "column": null } },
      "69": { "start": { "line": 218, "column": 23 }, "end": { "line": 218, "column": 65 } },
      "70": { "start": { "line": 219, "column": 8 }, "end": { "line": 238, "column": null } },
      "71": { "start": { "line": 220, "column": 24 }, "end": { "line": 225, "column": null } },
      "72": { "start": { "line": 227, "column": 10 }, "end": { "line": 228, "column": null } },
      "73": { "start": { "line": 228, "column": 12 }, "end": { "line": 228, "column": null } },
      "74": { "start": { "line": 230, "column": 10 }, "end": { "line": 230, "column": null } },
      "75": { "start": { "line": 233, "column": 27 }, "end": { "line": 233, "column": 69 } },
      "76": { "start": { "line": 234, "column": 10 }, "end": { "line": 238, "column": null } },
      "77": { "start": { "line": 235, "column": 12 }, "end": { "line": 236, "column": null } },
      "78": { "start": { "line": 236, "column": 14 }, "end": { "line": 236, "column": null } },
      "79": { "start": { "line": 238, "column": 12 }, "end": { "line": 238, "column": null } },
      "80": { "start": { "line": 243, "column": 6 }, "end": { "line": 244, "column": null } },
      "81": { "start": { "line": 244, "column": 8 }, "end": { "line": 244, "column": null } },
      "82": { "start": { "line": 248, "column": 6 }, "end": { "line": 249, "column": null } },
      "83": { "start": { "line": 249, "column": 8 }, "end": { "line": 249, "column": null } },
      "84": { "start": { "line": 262, "column": 22 }, "end": { "line": 262, "column": 72 } },
      "85": { "start": { "line": 263, "column": 21 }, "end": { "line": 263, "column": 69 } },
      "86": { "start": { "line": 264, "column": 21 }, "end": { "line": 264, "column": 52 } },
      "87": { "start": { "line": 265, "column": 20 }, "end": { "line": 265, "column": 57 } },
      "88": { "start": { "line": 268, "column": 50 }, "end": { "line": 275, "column": null } },
      "89": { "start": { "line": 270, "column": 69 }, "end": { "line": 272, "column": null } },
      "90": { "start": { "line": 277, "column": 8 }, "end": { "line": 361, "column": 4 } },
      "91": { "start": { "line": 287, "column": 6 }, "end": { "line": 288, "column": null } },
      "92": { "start": { "line": 288, "column": 8 }, "end": { "line": 288, "column": null } },
      "93": { "start": { "line": 292, "column": 6 }, "end": { "line": 296, "column": null } },
      "94": { "start": { "line": 293, "column": 14 }, "end": { "line": 293, "column": 45 } },
      "95": { "start": { "line": 294, "column": 24 }, "end": { "line": 294, "column": null } },
      "96": { "start": { "line": 295, "column": 8 }, "end": { "line": 295, "column": null } },
      "97": { "start": { "line": 296, "column": 8 }, "end": { "line": 296, "column": null } },
      "98": { "start": { "line": 300, "column": 12 }, "end": { "line": 300, "column": 85 } },
      "99": { "start": { "line": 301, "column": 12 }, "end": { "line": 301, "column": 49 } },
      "100": { "start": { "line": 302, "column": 48 }, "end": { "line": 302, "column": 50 } },
      "101": { "start": { "line": 303, "column": 6 }, "end": { "line": 305, "column": null } },
      "102": { "start": { "line": 304, "column": 8 }, "end": { "line": 304, "column": null } },
      "103": { "start": { "line": 309, "column": 27 }, "end": { "line": 309, "column": 78 } },
      "104": { "start": { "line": 310, "column": 26 }, "end": { "line": 310, "column": 75 } },
      "105": { "start": { "line": 311, "column": 29 }, "end": { "line": 311, "column": null } },
      "106": { "start": { "line": 313, "column": 25 }, "end": { "line": 313, "column": 88 } },
      "107": { "start": { "line": 316, "column": 6 }, "end": { "line": 316, "column": null } },
      "108": { "start": { "line": 319, "column": 6 }, "end": { "line": 320, "column": null } },
      "109": { "start": { "line": 320, "column": 8 }, "end": { "line": 320, "column": null } },
      "110": { "start": { "line": 324, "column": 52 }, "end": { "line": 324, "column": 54 } },
      "111": { "start": { "line": 325, "column": 6 }, "end": { "line": 325, "column": null } },
      "112": { "start": { "line": 325, "column": 24 }, "end": { "line": 325, "column": null } },
      "113": { "start": { "line": 326, "column": 6 }, "end": { "line": 326, "column": null } },
      "114": { "start": { "line": 326, "column": 23 }, "end": { "line": 326, "column": null } },
      "115": { "start": { "line": 328, "column": 6 }, "end": { "line": 349, "column": null } },
      "116": { "start": { "line": 329, "column": 23 }, "end": { "line": 329, "column": 65 } },
      "117": { "start": { "line": 330, "column": 8 }, "end": { "line": 349, "column": null } },
      "118": { "start": { "line": 331, "column": 24 }, "end": { "line": 336, "column": null } },
      "119": { "start": { "line": 338, "column": 10 }, "end": { "line": 339, "column": null } },
      "120": { "start": { "line": 339, "column": 12 }, "end": { "line": 339, "column": null } },
      "121": { "start": { "line": 341, "column": 10 }, "end": { "line": 341, "column": null } },
      "122": { "start": { "line": 344, "column": 27 }, "end": { "line": 344, "column": 69 } },
      "123": { "start": { "line": 345, "column": 10 }, "end": { "line": 349, "column": null } },
      "124": { "start": { "line": 346, "column": 12 }, "end": { "line": 347, "column": null } },
      "125": { "start": { "line": 347, "column": 14 }, "end": { "line": 347, "column": null } },
      "126": { "start": { "line": 349, "column": 12 }, "end": { "line": 349, "column": null } },
      "127": { "start": { "line": 354, "column": 6 }, "end": { "line": 355, "column": null } },
      "128": { "start": { "line": 355, "column": 8 }, "end": { "line": 355, "column": null } },
      "129": { "start": { "line": 359, "column": 6 }, "end": { "line": 359, "column": null } },
      "130": { "start": { "line": 363, "column": 2 }, "end": { "line": 371, "column": null } },
      "131": { "start": { "line": 364, "column": 4 }, "end": { "line": 371, "column": null } },
      "132": { "start": { "line": 365, "column": 6 }, "end": { "line": 365, "column": null } },
      "133": { "start": { "line": 367, "column": 6 }, "end": { "line": 371, "column": null } },
      "134": { "start": { "line": 368, "column": 8 }, "end": { "line": 368, "column": null } },
      "135": { "start": { "line": 370, "column": 8 }, "end": { "line": 370, "column": null } },
      "136": { "start": { "line": 371, "column": 8 }, "end": { "line": 371, "column": null } }
    },
    "fnMap": {
      "0": {
        "name": "buildArgsDef",
        "decl": { "start": { "line": 41, "column": 16 }, "end": { "line": 41, "column": 29 } },
        "loc": { "start": { "line": 41, "column": 93 }, "end": { "line": 45, "column": null } },
        "line": 41
      },
      "1": {
        "name": "mergeConfigLayers",
        "decl": { "start": { "line": 52, "column": 16 }, "end": { "line": 52, "column": null } },
        "loc": { "start": { "line": 57, "column": 27 }, "end": { "line": 59, "column": null } },
        "line": 57
      },
      "2": {
        "name": "coerceValues",
        "decl": { "start": { "line": 65, "column": 16 }, "end": { "line": 65, "column": null } },
        "loc": { "start": { "line": 68, "column": 27 }, "end": { "line": 81, "column": null } },
        "line": 68
      },
      "3": {
        "name": "logValidationIssues",
        "decl": { "start": { "line": 87, "column": 9 }, "end": { "line": 87, "column": 29 } },
        "loc": { "start": { "line": 87, "column": 78 }, "end": { "line": 93, "column": null } },
        "line": 87
      },
      "4": {
        "name": "(anonymous_4)",
        "decl": { "start": { "line": 91, "column": 10 }, "end": { "line": 91, "column": 15 } },
        "loc": { "start": { "line": 91, "column": 24 }, "end": { "line": 91, "column": 79 } },
        "line": 91
      },
      "5": {
        "name": "handleValidationFailure",
        "decl": { "start": { "line": 100, "column": 22 }, "end": { "line": 100, "column": null } },
        "loc": { "start": { "line": 106, "column": 43 }, "end": { "line": 137, "column": null } },
        "line": 106
      },
      "6": {
        "name": "(anonymous_6)",
        "decl": { "start": { "line": 117, "column": 11 }, "end": { "line": 117, "column": 19 } },
        "loc": { "start": { "line": 117, "column": 25 }, "end": { "line": 117, "column": 53 } },
        "line": 117
      },
      "7": {
        "name": "(anonymous_7)",
        "decl": { "start": { "line": 118, "column": 11 }, "end": { "line": 118, "column": 16 } },
        "loc": { "start": { "line": 118, "column": 22 }, "end": { "line": 121, "column": null } },
        "line": 118
      },
      "8": {
        "name": "buildSubCommand",
        "decl": { "start": { "line": 144, "column": 9 }, "end": { "line": 144, "column": null } },
        "loc": { "start": { "line": 148, "column": 14 }, "end": { "line": 252, "column": null } },
        "line": 148
      },
      "9": {
        "name": "(anonymous_9)",
        "decl": { "start": { "line": 158, "column": 45 }, "end": { "line": 158, "column": 50 } },
        "loc": { "start": { "line": 158, "column": 75 }, "end": { "line": 160, "column": null } },
        "line": 158
      },
      "10": {
        "name": "(anonymous_10)",
        "decl": { "start": { "line": 172, "column": 9 }, "end": { "line": 172, "column": 16 } },
        "loc": { "start": { "line": 172, "column": 41 }, "end": { "line": 249, "column": null } },
        "line": 172
      },
      "11": {
        "name": "clily",
        "decl": { "start": { "line": 261, "column": 16 }, "end": { "line": 261, "column": 22 } },
        "loc": { "start": { "line": 261, "column": 64 }, "end": { "line": 371, "column": null } },
        "line": 261
      },
      "12": {
        "name": "(anonymous_12)",
        "decl": { "start": { "line": 270, "column": 40 }, "end": { "line": 270, "column": 45 } },
        "loc": { "start": { "line": 270, "column": 69 }, "end": { "line": 272, "column": null } },
        "line": 270
      },
      "13": {
        "name": "(anonymous_13)",
        "decl": { "start": { "line": 285, "column": 9 }, "end": { "line": 285, "column": 16 } },
        "loc": { "start": { "line": 285, "column": 50 }, "end": { "line": 359, "column": null } },
        "line": 285
      },
      "14": {
        "name": "(anonymous_14)",
        "decl": { "start": { "line": 363, "column": 9 }, "end": { "line": 363, "column": 21 } },
        "loc": { "start": { "line": 363, "column": 21 }, "end": { "line": 371, "column": null } },
        "line": 363
      }
    },
    "branchMap": {
      "0": {
        "loc": { "start": { "line": 72, "column": 4 }, "end": { "line": 72, "column": null } },
        "type": "if",
        "locations": [
          { "start": { "line": 72, "column": 4 }, "end": { "line": 72, "column": null } },
          { "start": {}, "end": {} }
        ],
        "line": 72
      },
      "1": {
        "loc": { "start": { "line": 73, "column": 4 }, "end": { "line": 78, "column": null } },
        "type": "if",
        "locations": [
          { "start": { "line": 73, "column": 4 }, "end": { "line": 78, "column": null } },
          { "start": { "line": 76, "column": 15 }, "end": { "line": 78, "column": null } }
        ],
        "line": 73
      },
      "2": {
        "loc": { "start": { "line": 73, "column": 8 }, "end": { "line": 73, "column": 61 } },
        "type": "binary-expr",
        "locations": [
          { "start": { "line": 73, "column": 8 }, "end": { "line": 73, "column": 36 } },
          { "start": { "line": 73, "column": 36 }, "end": { "line": 73, "column": 61 } }
        ],
        "line": 73
      },
      "3": {
        "loc": { "start": { "line": 74, "column": 6 }, "end": { "line": 75, "column": null } },
        "type": "if",
        "locations": [
          { "start": { "line": 74, "column": 6 }, "end": { "line": 75, "column": null } },
          { "start": { "line": 75, "column": 15 }, "end": { "line": 75, "column": null } }
        ],
        "line": 74
      },
      "4": {
        "loc": { "start": { "line": 74, "column": 10 }, "end": { "line": 74, "column": 41 } },
        "type": "binary-expr",
        "locations": [
          { "start": { "line": 74, "column": 10 }, "end": { "line": 74, "column": 28 } },
          { "start": { "line": 74, "column": 28 }, "end": { "line": 74, "column": 41 } }
        ],
        "line": 74
      },
      "5": {
        "loc": { "start": { "line": 75, "column": 15 }, "end": { "line": 75, "column": null } },
        "type": "if",
        "locations": [
          { "start": { "line": 75, "column": 15 }, "end": { "line": 75, "column": null } },
          { "start": {}, "end": {} }
        ],
        "line": 75
      },
      "6": {
        "loc": { "start": { "line": 75, "column": 15 }, "end": { "line": 75, "column": 47 } },
        "type": "binary-expr",
        "locations": [
          { "start": { "line": 75, "column": 15 }, "end": { "line": 75, "column": 34 } },
          { "start": { "line": 75, "column": 34 }, "end": { "line": 75, "column": 47 } }
        ],
        "line": 75
      },
      "7": {
        "loc": { "start": { "line": 76, "column": 15 }, "end": { "line": 78, "column": null } },
        "type": "if",
        "locations": [
          { "start": { "line": 76, "column": 15 }, "end": { "line": 78, "column": null } },
          { "start": {}, "end": {} }
        ],
        "line": 76
      },
      "8": {
        "loc": { "start": { "line": 76, "column": 15 }, "end": { "line": 76, "column": 67 } },
        "type": "binary-expr",
        "locations": [
          { "start": { "line": 76, "column": 15 }, "end": { "line": 76, "column": 42 } },
          { "start": { "line": 76, "column": 42 }, "end": { "line": 76, "column": 67 } }
        ],
        "line": 76
      },
      "9": {
        "loc": { "start": { "line": 78, "column": 6 }, "end": { "line": 78, "column": null } },
        "type": "if",
        "locations": [
          { "start": { "line": 78, "column": 6 }, "end": { "line": 78, "column": null } },
          { "start": {}, "end": {} }
        ],
        "line": 78
      },
      "10": {
        "loc": { "start": { "line": 90, "column": 6 }, "end": { "line": 92, "column": null } },
        "type": "binary-expr",
        "locations": [
          { "start": { "line": 90, "column": 6 }, "end": { "line": 92, "column": 18 } },
          { "start": { "line": 92, "column": 22 }, "end": { "line": 92, "column": null } }
        ],
        "line": 90
      },
      "11": {
        "loc": { "start": { "line": 91, "column": 24 }, "end": { "line": 91, "column": 79 } },
        "type": "cond-expr",
        "locations": [
          { "start": { "line": 91, "column": 50 }, "end": { "line": 91, "column": 65 } },
          { "start": { "line": 91, "column": 68 }, "end": { "line": 91, "column": 79 } }
        ],
        "line": 91
      },
      "12": {
        "loc": { "start": { "line": 93, "column": 37 }, "end": { "line": 93, "column": 65 } },
        "type": "cond-expr",
        "locations": [
          { "start": { "line": 93, "column": 44 }, "end": { "line": 93, "column": 62 } },
          { "start": { "line": 93, "column": 62 }, "end": { "line": 93, "column": 65 } }
        ],
        "line": 93
      },
      "13": {
        "loc": { "start": { "line": 108, "column": 2 }, "end": { "line": 109, "column": null } },
        "type": "if",
        "locations": [
          { "start": { "line": 108, "column": 2 }, "end": { "line": 109, "column": null } },
          { "start": {}, "end": {} }
        ],
        "line": 108
      },
      "14": {
        "loc": { "start": { "line": 112, "column": 2 }, "end": { "line": 137, "column": null } },
        "type": "if",
        "locations": [
          { "start": { "line": 112, "column": 2 }, "end": { "line": 137, "column": null } },
          { "start": { "line": 134, "column": 9 }, "end": { "line": 137, "column": null } }
        ],
        "line": 112
      },
      "15": {
        "loc": { "start": { "line": 112, "column": 6 }, "end": { "line": 112, "column": 23 } },
        "type": "binary-expr",
        "locations": [
          { "start": { "line": 112, "column": 6 }, "end": { "line": 112, "column": 16 } },
          { "start": { "line": 112, "column": 16 }, "end": { "line": 112, "column": 23 } }
        ],
        "line": 112
      },
      "16": {
        "loc": { "start": { "line": 114, "column": 24 }, "end": { "line": 121, "column": null } },
        "type": "cond-expr",
        "locations": [
          { "start": { "line": 114, "column": 24 }, "end": { "line": 115, "column": 58 } },
          { "start": { "line": 116, "column": 8 }, "end": { "line": 121, "column": null } }
        ],
        "line": 114
      },
      "17": {
        "loc": { "start": { "line": 117, "column": 25 }, "end": { "line": 117, "column": 53 } },
        "type": "binary-expr",
        "locations": [
          { "start": { "line": 117, "column": 25 }, "end": { "line": 117, "column": 35 } },
          { "start": { "line": 117, "column": 35 }, "end": { "line": 117, "column": 53 } }
        ],
        "line": 117
      },
      "18": {
        "loc": { "start": { "line": 120, "column": 19 }, "end": { "line": 120, "column": 74 } },
        "type": "cond-expr",
        "locations": [
          { "start": { "line": 120, "column": 45 }, "end": { "line": 120, "column": 60 } },
          { "start": { "line": 120, "column": 63 }, "end": { "line": 120, "column": 74 } }
        ],
        "line": 120
      },
      "19": {
        "loc": { "start": { "line": 123, "column": 4 }, "end": { "line": 128, "column": null } },
        "type": "if",
        "locations": [
          { "start": { "line": 123, "column": 4 }, "end": { "line": 128, "column": null } },
          { "start": {}, "end": {} }
        ],
        "line": 123
      },
      "20": {
        "loc": { "start": { "line": 124, "column": 6 }, "end": { "line": 125, "column": null } },
        "type": "if",
        "locations": [
          { "start": { "line": 124, "column": 6 }, "end": { "line": 125, "column": null } },
          { "start": {}, "end": {} }
        ],
        "line": 124
      },
      "21": {
        "loc": { "start": { "line": 149, "column": 22 }, "end": { "line": 149, "column": 80 } },
        "type": "cond-expr",
        "locations": [
          { "start": { "line": 149, "column": 33 }, "end": { "line": 149, "column": 75 } },
          { "start": { "line": 149, "column": 78 }, "end": { "line": 149, "column": 80 } }
        ],
        "line": 149
      },
      "22": {
        "loc": { "start": { "line": 150, "column": 21 }, "end": { "line": 150, "column": 79 } },
        "type": "cond-expr",
        "locations": [
          { "start": { "line": 150, "column": 33 }, "end": { "line": 150, "column": 74 } },
          { "start": { "line": 150, "column": 77 }, "end": { "line": 150, "column": 79 } }
        ],
        "line": 150
      },
      "23": {
        "loc": { "start": { "line": 156, "column": 50 }, "end": { "line": 163, "column": null } },
        "type": "cond-expr",
        "locations": [
          { "start": { "line": 157, "column": 6 }, "end": { "line": 161, "column": null } },
          { "start": { "line": 163, "column": 6 }, "end": { "line": 163, "column": null } }
        ],
        "line": 156
      },
      "24": {
        "loc": { "start": { "line": 174, "column": 6 }, "end": { "line": 182, "column": null } },
        "type": "if",
        "locations": [
          { "start": { "line": 174, "column": 6 }, "end": { "line": 182, "column": null } },
          { "start": {}, "end": {} }
        ],
        "line": 174
      },
      "25": {
        "loc": { "start": { "line": 176, "column": 24 }, "end": { "line": 180, "column": null } },
        "type": "cond-expr",
        "locations": [
          { "start": { "line": 177, "column": 12 }, "end": { "line": 177, "column": 52 } },
          { "start": { "line": 178, "column": 12 }, "end": { "line": 180, "column": null } }
        ],
        "line": 176
      },
      "26": {
        "loc": { "start": { "line": 178, "column": 12 }, "end": { "line": 180, "column": null } },
        "type": "cond-expr",
        "locations": [
          { "start": { "line": 179, "column": 14 }, "end": { "line": 179, "column": 53 } },
          { "start": { "line": 180, "column": 14 }, "end": { "line": 180, "column": null } }
        ],
        "line": 178
      },
      "27": {
        "loc": { "start": { "line": 181, "column": 20 }, "end": { "line": 181, "column": 69 } },
        "type": "cond-expr",
        "locations": [
          { "start": { "line": 181, "column": 50 }, "end": { "line": 181, "column": 60 } },
          { "start": { "line": 181, "column": 60 }, "end": { "line": 181, "column": 69 } }
        ],
        "line": 181
      },
      "28": {
        "loc": { "start": { "line": 195, "column": 27 }, "end": { "line": 195, "column": 86 } },
        "type": "cond-expr",
        "locations": [
          { "start": { "line": 195, "column": 38 }, "end": { "line": 195, "column": 81 } },
          { "start": { "line": 195, "column": 84 }, "end": { "line": 195, "column": 86 } }
        ],
        "line": 195
      },
      "29": {
        "loc": { "start": { "line": 196, "column": 26 }, "end": { "line": 196, "column": 85 } },
        "type": "cond-expr",
        "locations": [
          { "start": { "line": 196, "column": 38 }, "end": { "line": 196, "column": 80 } },
          { "start": { "line": 196, "column": 83 }, "end": { "line": 196, "column": 85 } }
        ],
        "line": 196
      },
      "30": {
        "loc": { "start": { "line": 205, "column": 6 }, "end": { "line": 208, "column": null } },
        "type": "if",
        "locations": [
          { "start": { "line": 205, "column": 6 }, "end": { "line": 208, "column": null } },
          { "start": { "line": 207, "column": 17 }, "end": { "line": 208, "column": null } }
        ],
        "line": 205
      },
      "31": {
        "loc": { "start": { "line": 207, "column": 17 }, "end": { "line": 208, "column": null } },
        "type": "if",
        "locations": [
          { "start": { "line": 207, "column": 17 }, "end": { "line": 208, "column": null } },
          { "start": {}, "end": {} }
        ],
        "line": 207
      },
      "32": {
        "loc": { "start": { "line": 213, "column": 6 }, "end": { "line": 213, "column": null } },
        "type": "if",
        "locations": [
          { "start": { "line": 213, "column": 6 }, "end": { "line": 213, "column": null } },
          { "start": {}, "end": {} }
        ],
        "line": 213
      },
      "33": {
        "loc": { "start": { "line": 214, "column": 6 }, "end": { "line": 214, "column": null } },
        "type": "if",
        "locations": [
          { "start": { "line": 214, "column": 6 }, "end": { "line": 214, "column": null } },
          { "start": {}, "end": {} }
        ],
        "line": 214
      },
      "34": {
        "loc": { "start": { "line": 219, "column": 8 }, "end": { "line": 238, "column": null } },
        "type": "if",
        "locations": [
          { "start": { "line": 219, "column": 8 }, "end": { "line": 238, "column": null } },
          { "start": {}, "end": {} }
        ],
        "line": 219
      },
      "35": {
        "loc": { "start": { "line": 227, "column": 10 }, "end": { "line": 228, "column": null } },
        "type": "if",
        "locations": [
          { "start": { "line": 227, "column": 10 }, "end": { "line": 228, "column": null } },
          { "start": {}, "end": {} }
        ],
        "line": 227
      },
      "36": {
        "loc": { "start": { "line": 234, "column": 10 }, "end": { "line": 238, "column": null } },
        "type": "if",
        "locations": [
          { "start": { "line": 234, "column": 10 }, "end": { "line": 238, "column": null } },
          { "start": {}, "end": {} }
        ],
        "line": 234
      },
      "37": {
        "loc": { "start": { "line": 243, "column": 6 }, "end": { "line": 244, "column": null } },
        "type": "if",
        "locations": [
          { "start": { "line": 243, "column": 6 }, "end": { "line": 244, "column": null } },
          { "start": {}, "end": {} }
        ],
        "line": 243
      },
      "38": {
        "loc": { "start": { "line": 248, "column": 6 }, "end": { "line": 249, "column": null } },
        "type": "if",
        "locations": [
          { "start": { "line": 248, "column": 6 }, "end": { "line": 249, "column": null } },
          { "start": {}, "end": {} }
        ],
        "line": 248
      },
      "39": {
        "loc": { "start": { "line": 262, "column": 22 }, "end": { "line": 262, "column": 72 } },
        "type": "cond-expr",
        "locations": [
          { "start": { "line": 262, "column": 29 }, "end": { "line": 262, "column": 67 } },
          { "start": { "line": 262, "column": 70 }, "end": { "line": 262, "column": 72 } }
        ],
        "line": 262
      },
      "40": {
        "loc": { "start": { "line": 263, "column": 21 }, "end": { "line": 263, "column": 69 } },
        "type": "cond-expr",
        "locations": [
          { "start": { "line": 263, "column": 28 }, "end": { "line": 263, "column": 64 } },
          { "start": { "line": 263, "column": 67 }, "end": { "line": 263, "column": 69 } }
        ],
        "line": 263
      },
      "41": {
        "loc": { "start": { "line": 268, "column": 50 }, "end": { "line": 275, "column": null } },
        "type": "cond-expr",
        "locations": [
          { "start": { "line": 269, "column": 6 }, "end": { "line": 273, "column": null } },
          { "start": { "line": 275, "column": 6 }, "end": { "line": 275, "column": null } }
        ],
        "line": 268
      },
      "42": {
        "loc": { "start": { "line": 287, "column": 6 }, "end": { "line": 288, "column": null } },
        "type": "if",
        "locations": [
          { "start": { "line": 287, "column": 6 }, "end": { "line": 288, "column": null } },
          { "start": {}, "end": {} }
        ],
        "line": 287
      },
      "43": {
        "loc": { "start": { "line": 292, "column": 6 }, "end": { "line": 296, "column": null } },
        "type": "if",
        "locations": [
          { "start": { "line": 292, "column": 6 }, "end": { "line": 296, "column": null } },
          { "start": {}, "end": {} }
        ],
        "line": 292
      },
      "44": {
        "loc": { "start": { "line": 292, "column": 11 }, "end": { "line": 292, "column": 78 } },
        "type": "binary-expr",
        "locations": [
          { "start": { "line": 292, "column": 11 }, "end": { "line": 292, "column": 61 } },
          { "start": { "line": 292, "column": 61 }, "end": { "line": 292, "column": 78 } }
        ],
        "line": 292
      },
      "45": {
        "loc": { "start": { "line": 294, "column": 24 }, "end": { "line": 294, "column": null } },
        "type": "cond-expr",
        "locations": [
          { "start": { "line": 294, "column": 47 }, "end": { "line": 294, "column": 82 } },
          { "start": { "line": 294, "column": 85 }, "end": { "line": 294, "column": null } }
        ],
        "line": 294
      },
      "46": {
        "loc": { "start": { "line": 295, "column": 20 }, "end": { "line": 295, "column": 69 } },
        "type": "cond-expr",
        "locations": [
          { "start": { "line": 295, "column": 50 }, "end": { "line": 295, "column": 60 } },
          { "start": { "line": 295, "column": 60 }, "end": { "line": 295, "column": 69 } }
        ],
        "line": 295
      },
      "47": {
        "loc": { "start": { "line": 309, "column": 27 }, "end": { "line": 309, "column": 78 } },
        "type": "cond-expr",
        "locations": [
          { "start": { "line": 309, "column": 34 }, "end": { "line": 309, "column": 73 } },
          { "start": { "line": 309, "column": 76 }, "end": { "line": 309, "column": 78 } }
        ],
        "line": 309
      },
      "48": {
        "loc": { "start": { "line": 310, "column": 26 }, "end": { "line": 310, "column": 75 } },
        "type": "cond-expr",
        "locations": [
          { "start": { "line": 310, "column": 33 }, "end": { "line": 310, "column": 70 } },
          { "start": { "line": 310, "column": 73 }, "end": { "line": 310, "column": 75 } }
        ],
        "line": 310
      },
      "49": {
        "loc": { "start": { "line": 319, "column": 6 }, "end": { "line": 320, "column": null } },
        "type": "if",
        "locations": [
          { "start": { "line": 319, "column": 6 }, "end": { "line": 320, "column": null } },
          { "start": {}, "end": {} }
        ],
        "line": 319
      },
      "50": {
        "loc": { "start": { "line": 325, "column": 6 }, "end": { "line": 325, "column": null } },
        "type": "if",
        "locations": [
          { "start": { "line": 325, "column": 6 }, "end": { "line": 325, "column": null } },
          { "start": {}, "end": {} }
        ],
        "line": 325
      },
      "51": {
        "loc": { "start": { "line": 326, "column": 6 }, "end": { "line": 326, "column": null } },
        "type": "if",
        "locations": [
          { "start": { "line": 326, "column": 6 }, "end": { "line": 326, "column": null } },
          { "start": {}, "end": {} }
        ],
        "line": 326
      },
      "52": {
        "loc": { "start": { "line": 330, "column": 8 }, "end": { "line": 349, "column": null } },
        "type": "if",
        "locations": [
          { "start": { "line": 330, "column": 8 }, "end": { "line": 349, "column": null } },
          { "start": {}, "end": {} }
        ],
        "line": 330
      },
      "53": {
        "loc": { "start": { "line": 338, "column": 10 }, "end": { "line": 339, "column": null } },
        "type": "if",
        "locations": [
          { "start": { "line": 338, "column": 10 }, "end": { "line": 339, "column": null } },
          { "start": {}, "end": {} }
        ],
        "line": 338
      },
      "54": {
        "loc": { "start": { "line": 345, "column": 10 }, "end": { "line": 349, "column": null } },
        "type": "if",
        "locations": [
          { "start": { "line": 345, "column": 10 }, "end": { "line": 349, "column": null } },
          { "start": {}, "end": {} }
        ],
        "line": 345
      },
      "55": {
        "loc": { "start": { "line": 354, "column": 6 }, "end": { "line": 355, "column": null } },
        "type": "if",
        "locations": [
          { "start": { "line": 354, "column": 6 }, "end": { "line": 355, "column": null } },
          { "start": {}, "end": {} }
        ],
        "line": 354
      },
      "56": {
        "loc": { "start": { "line": 367, "column": 6 }, "end": { "line": 371, "column": null } },
        "type": "if",
        "locations": [
          { "start": { "line": 367, "column": 6 }, "end": { "line": 371, "column": null } },
          { "start": { "line": 369, "column": 13 }, "end": { "line": 371, "column": null } }
        ],
        "line": 367
      },
      "57": {
        "loc": { "start": { "line": 368, "column": 35 }, "end": { "line": 368, "column": 86 } },
        "type": "cond-expr",
        "locations": [
          { "start": { "line": 368, "column": 58 }, "end": { "line": 368, "column": 64 } },
          { "start": { "line": 368, "column": 64 }, "end": { "line": 368, "column": 86 } }
        ],
        "line": 368
      }
    },
    "s": {
      "0": 47,
      "1": 17,
      "2": 24,
      "3": 24,
      "4": 25,
      "5": 25,
      "6": 3,
      "7": 22,
      "8": 5,
      "9": 2,
      "10": 3,
      "11": 2,
      "12": 17,
      "13": 2,
      "14": 2,
      "15": 1,
      "16": 24,
      "17": 7,
      "18": 7,
      "19": 5,
      "20": 7,
      "21": 10,
      "22": 1,
      "23": 10,
      "24": 4,
      "25": 1,
      "26": 1,
      "27": 1,
      "28": 4,
      "29": 3,
      "30": 1,
      "31": 3,
      "32": 3,
      "33": 1,
      "34": 1,
      "35": 6,
      "36": 6,
      "37": 13,
      "38": 13,
      "39": 13,
      "40": 13,
      "41": 13,
      "42": 0,
      "43": 13,
      "44": 10,
      "45": 3,
      "46": 3,
      "47": 3,
      "48": 3,
      "49": 7,
      "50": 7,
      "51": 7,
      "52": 7,
      "53": 7,
      "54": 7,
      "55": 10,
      "56": 10,
      "57": 10,
      "58": 10,
      "59": 10,
      "60": 1,
      "61": 6,
      "62": 1,
      "63": 7,
      "64": 7,
      "65": 1,
      "66": 7,
      "67": 7,
      "68": 7,
      "69": 8,
      "70": 8,
      "71": 1,
      "72": 1,
      "73": 1,
      "74": 0,
      "75": 0,
      "76": 0,
      "77": 0,
      "78": 0,
      "79": 0,
      "80": 6,
      "81": 1,
      "82": 6,
      "83": 5,
      "84": 32,
      "85": 32,
      "86": 32,
      "87": 32,
      "88": 32,
      "89": 13,
      "90": 32,
      "91": 9,
      "92": 1,
      "93": 9,
      "94": 4,
      "95": 4,
      "96": 4,
      "97": 4,
      "98": 5,
      "99": 5,
      "100": 5,
      "101": 5,
      "102": 5,
      "103": 5,
      "104": 9,
      "105": 9,
      "106": 9,
      "107": 9,
      "108": 9,
      "109": 1,
      "110": 5,
      "111": 5,
      "112": 0,
      "113": 5,
      "114": 5,
      "115": 5,
      "116": 5,
      "117": 5,
      "118": 1,
      "119": 1,
      "120": 1,
      "121": 0,
      "122": 0,
      "123": 0,
      "124": 0,
      "125": 0,
      "126": 0,
      "127": 4,
      "128": 1,
      "129": 4,
      "130": 32,
      "131": 4,
      "132": 4,
      "133": 3,
      "134": 2,
      "135": 1,
      "136": 1
    },
    "f": {
      "0": 47,
      "1": 17,
      "2": 24,
      "3": 7,
      "4": 5,
      "5": 10,
      "6": 1,
      "7": 1,
      "8": 13,
      "9": 0,
      "10": 10,
      "11": 32,
      "12": 13,
      "13": 9,
      "14": 4
    },
    "b": {
      "0": [3, 22],
      "1": [5, 17],
      "2": [22, 11],
      "3": [2, 3],
      "4": [5, 4],
      "5": [2, 1],
      "6": [3, 2],
      "7": [2, 15],
      "8": [17, 3],
      "9": [1, 1],
      "10": [7, 2],
      "11": [5, 0],
      "12": [5, 2],
      "13": [1, 9],
      "14": [4, 6],
      "15": [10, 4],
      "16": [3, 1],
      "17": [1, 1],
      "18": [0, 1],
      "19": [3, 1],
      "20": [1, 2],
      "21": [2, 11],
      "22": [9, 4],
      "23": [0, 13],
      "24": [3, 7],
      "25": [1, 2],
      "26": [1, 1],
      "27": [2, 1],
      "28": [1, 6],
      "29": [7, 0],
      "30": [1, 6],
      "31": [1, 5],
      "32": [1, 6],
      "33": [7, 0],
      "34": [1, 7],
      "35": [1, 0],
      "36": [0, 0],
      "37": [1, 5],
      "38": [5, 1],
      "39": [3, 29],
      "40": [7, 25],
      "41": [13, 19],
      "42": [1, 8],
      "43": [4, 5],
      "44": [9, 7],
      "45": [1, 3],
      "46": [1, 3],
      "47": [0, 5],
      "48": [5, 0],
      "49": [1, 8],
      "50": [0, 5],
      "51": [5, 0],
      "52": [1, 4],
      "53": [1, 0],
      "54": [0, 0],
      "55": [1, 3],
      "56": [2, 1],
      "57": [1, 1]
    },
    "meta": {
      "lastBranch": 58,
      "lastFunction": 15,
      "lastStatement": 137,
      "seen": {
        "f:41:16:41:29": 0,
        "s:42:2:45:Infinity": 0,
        "f:52:16:52:Infinity": 1,
        "s:59:2:59:Infinity": 1,
        "f:65:16:65:Infinity": 2,
        "s:69:17:69:28": 2,
        "s:70:2:78:Infinity": 3,
        "s:71:16:71:Infinity": 4,
        "b:72:4:72:Infinity:undefined:undefined:undefined:undefined": 0,
        "s:72:4:72:Infinity": 5,
        "s:72:27:72:Infinity": 6,
        "b:73:4:78:Infinity:76:15:78:Infinity": 1,
        "s:73:4:78:Infinity": 7,
        "b:73:8:73:36:73:36:73:61": 2,
        "b:74:6:75:Infinity:75:15:75:Infinity": 3,
        "s:74:6:75:Infinity": 8,
        "b:74:10:74:28:74:28:74:41": 4,
        "s:74:41:74:Infinity": 9,
        "b:75:15:75:Infinity:undefined:undefined:undefined:undefined": 5,
        "s:75:15:75:Infinity": 10,
        "b:75:15:75:34:75:34:75:47": 6,
        "s:75:47:75:Infinity": 11,
        "b:76:15:78:Infinity:undefined:undefined:undefined:undefined": 7,
        "s:76:15:78:Infinity": 12,
        "b:76:15:76:42:76:42:76:67": 8,
        "s:77:18:77:29": 13,
        "b:78:6:78:Infinity:undefined:undefined:undefined:undefined": 9,
        "s:78:6:78:Infinity": 14,
        "s:78:30:78:Infinity": 15,
        "s:81:2:81:Infinity": 16,
        "f:87:9:87:29": 3,
        "s:88:2:93:Infinity": 17,
        "s:90:6:92:Infinity": 18,
        "b:90:6:92:18:92:22:92:Infinity": 10,
        "f:91:10:91:15": 4,
        "s:91:24:91:79": 19,
        "b:91:50:91:65:91:68:91:79": 11,
        "s:93:4:93:Infinity": 20,
        "b:93:44:93:62:93:62:93:65": 12,
        "f:100:22:100:Infinity": 5,
        "b:108:2:109:Infinity:undefined:undefined:undefined:undefined": 13,
        "s:108:2:109:Infinity": 21,
        "s:109:4:109:Infinity": 22,
        "b:112:2:137:Infinity:134:9:137:Infinity": 14,
        "s:112:2:137:Infinity": 23,
        "b:112:6:112:16:112:16:112:23": 15,
        "s:114:24:121:Infinity": 24,
        "b:114:24:115:58:116:8:121:Infinity": 16,
        "f:117:11:117:19": 6,
        "s:117:25:117:53": 25,
        "b:117:25:117:35:117:35:117:53": 17,
        "f:118:11:118:16": 7,
        "s:119:24:119:Infinity": 26,
        "s:120:12:120:Infinity": 27,
        "b:120:45:120:60:120:63:120:74": 18,
        "b:123:4:128:Infinity:undefined:undefined:undefined:undefined": 19,
        "s:123:4:128:Infinity": 28,
        "b:124:6:125:Infinity:undefined:undefined:undefined:undefined": 20,
        "s:124:6:125:Infinity": 29,
        "s:125:8:125:Infinity": 30,
        "s:127:23:127:70": 31,
        "s:128:6:128:Infinity": 32,
        "s:132:4:132:Infinity": 33,
        "s:133:4:133:Infinity": 34,
        "s:136:4:136:Infinity": 35,
        "s:137:4:137:Infinity": 36,
        "f:144:9:144:Infinity": 8,
        "s:149:22:149:80": 37,
        "b:149:33:149:75:149:78:149:80": 21,
        "s:150:21:150:79": 38,
        "b:150:33:150:74:150:77:150:79": 22,
        "s:151:21:151:52": 39,
        "s:153:20:153:57": 40,
        "s:156:50:163:Infinity": 41,
        "b:157:6:161:Infinity:163:6:163:Infinity": 23,
        "f:158:45:158:50": 9,
        "s:158:75:160:Infinity": 42,
        "s:165:2:252:Infinity": 43,
        "f:172:9:172:16": 10,
        "b:174:6:182:Infinity:undefined:undefined:undefined:undefined": 24,
        "s:174:6:182:Infinity": 44,
        "s:175:14:175:75": 45,
        "s:176:24:180:Infinity": 46,
        "b:177:12:177:52:178:12:180:Infinity": 25,
        "b:179:14:179:53:180:14:180:Infinity": 26,
        "s:181:8:181:Infinity": 47,
        "b:181:50:181:60:181:60:181:69": 27,
        "s:182:8:182:Infinity": 48,
        "s:186:12:186:85": 49,
        "s:187:12:187:53": 50,
        "s:188:48:188:50": 51,
        "s:189:6:191:Infinity": 52,
        "s:190:8:190:Infinity": 53,
        "s:195:27:195:86": 54,
        "b:195:38:195:81:195:84:195:86": 28,
        "s:196:26:196:85": 55,
        "b:196:38:196:80:196:83:196:85": 29,
        "s:197:29:197:Infinity": 56,
        "s:199:25:199:88": 57,
        "s:202:6:202:Infinity": 58,
        "b:205:6:208:Infinity:207:17:208:Infinity": 30,
        "s:205:6:208:Infinity": 59,
        "s:206:8:206:Infinity": 60,
        "b:207:17:208:Infinity:undefined:undefined:undefined:undefined": 31,
        "s:207:17:208:Infinity": 61,
        "s:208:8:208:Infinity": 62,
        "s:212:52:212:54": 63,
        "b:213:6:213:Infinity:undefined:undefined:undefined:undefined": 32,
        "s:213:6:213:Infinity": 64,
        "s:213:28:213:Infinity": 65,
        "b:214:6:214:Infinity:undefined:undefined:undefined:undefined": 33,
        "s:214:6:214:Infinity": 66,
        "s:214:28:214:Infinity": 67,
        "s:217:6:238:Infinity": 68,
        "s:218:23:218:65": 69,
        "b:219:8:238:Infinity:undefined:undefined:undefined:undefined": 34,
        "s:219:8:238:Infinity": 70,
        "s:220:24:225:Infinity": 71,
        "b:227:10:228:Infinity:undefined:undefined:undefined:undefined": 35,
        "s:227:10:228:Infinity": 72,
        "s:228:12:228:Infinity": 73,
        "s:230:10:230:Infinity": 74,
        "s:233:27:233:69": 75,
        "b:234:10:238:Infinity:undefined:undefined:undefined:undefined": 36,
        "s:234:10:238:Infinity": 76,
        "s:235:12:236:Infinity": 77,
        "s:236:14:236:Infinity": 78,
        "s:238:12:238:Infinity": 79,
        "b:243:6:244:Infinity:undefined:undefined:undefined:undefined": 37,
        "s:243:6:244:Infinity": 80,
        "s:244:8:244:Infinity": 81,
        "b:248:6:249:Infinity:undefined:undefined:undefined:undefined": 38,
        "s:248:6:249:Infinity": 82,
        "s:249:8:249:Infinity": 83,
        "f:261:16:261:22": 11,
        "s:262:22:262:72": 84,
        "b:262:29:262:67:262:70:262:72": 39,
        "s:263:21:263:69": 85,
        "b:263:28:263:64:263:67:263:69": 40,
        "s:264:21:264:52": 86,
        "s:265:20:265:57": 87,
        "s:268:50:275:Infinity": 88,
        "b:269:6:273:Infinity:275:6:275:Infinity": 41,
        "f:270:40:270:45": 12,
        "s:270:69:272:Infinity": 89,
        "s:277:8:361:4": 90,
        "f:285:9:285:16": 13,
        "b:287:6:288:Infinity:undefined:undefined:undefined:undefined": 42,
        "s:287:6:288:Infinity": 91,
        "s:288:8:288:Infinity": 92,
        "b:292:6:296:Infinity:undefined:undefined:undefined:undefined": 43,
        "s:292:6:296:Infinity": 93,
        "b:292:11:292:61:292:61:292:78": 44,
        "s:293:14:293:45": 94,
        "s:294:24:294:Infinity": 95,
        "b:294:47:294:82:294:85:294:Infinity": 45,
        "s:295:8:295:Infinity": 96,
        "b:295:50:295:60:295:60:295:69": 46,
        "s:296:8:296:Infinity": 97,
        "s:300:12:300:85": 98,
        "s:301:12:301:49": 99,
        "s:302:48:302:50": 100,
        "s:303:6:305:Infinity": 101,
        "s:304:8:304:Infinity": 102,
        "s:309:27:309:78": 103,
        "b:309:34:309:73:309:76:309:78": 47,
        "s:310:26:310:75": 104,
        "b:310:33:310:70:310:73:310:75": 48,
        "s:311:29:311:Infinity": 105,
        "s:313:25:313:88": 106,
        "s:316:6:316:Infinity": 107,
        "b:319:6:320:Infinity:undefined:undefined:undefined:undefined": 49,
        "s:319:6:320:Infinity": 108,
        "s:320:8:320:Infinity": 109,
        "s:324:52:324:54": 110,
        "b:325:6:325:Infinity:undefined:undefined:undefined:undefined": 50,
        "s:325:6:325:Infinity": 111,
        "s:325:24:325:Infinity": 112,
        "b:326:6:326:Infinity:undefined:undefined:undefined:undefined": 51,
        "s:326:6:326:Infinity": 113,
        "s:326:23:326:Infinity": 114,
        "s:328:6:349:Infinity": 115,
        "s:329:23:329:65": 116,
        "b:330:8:349:Infinity:undefined:undefined:undefined:undefined": 52,
        "s:330:8:349:Infinity": 117,
        "s:331:24:336:Infinity": 118,
        "b:338:10:339:Infinity:undefined:undefined:undefined:undefined": 53,
        "s:338:10:339:Infinity": 119,
        "s:339:12:339:Infinity": 120,
        "s:341:10:341:Infinity": 121,
        "s:344:27:344:69": 122,
        "b:345:10:349:Infinity:undefined:undefined:undefined:undefined": 54,
        "s:345:10:349:Infinity": 123,
        "s:346:12:347:Infinity": 124,
        "s:347:14:347:Infinity": 125,
        "s:349:12:349:Infinity": 126,
        "b:354:6:355:Infinity:undefined:undefined:undefined:undefined": 55,
        "s:354:6:355:Infinity": 127,
        "s:355:8:355:Infinity": 128,
        "s:359:6:359:Infinity": 129,
        "s:363:2:371:Infinity": 130,
[...]
      "59": { "start": { "line": 159, "column": 18 }, "end": { "line": 159, "column": 42 } },
      "60": { "start": { "line": 160, "column": 2 }, "end": { "line": 162, "column": null } },
      "61": { "start": { "line": 161, "column": 19 }, "end": { "line": 161, "column": 85 } },
      "62": { "start": { "line": 162, "column": 16 }, "end": { "line": 162, "column": 22 } }
    },
    "fnMap": {
      "0": {
        "name": "detectEntryType",
        "decl": { "start": { "line": 8, "column": 9 }, "end": { "line": 8, "column": 25 } },
        "loc": { "start": { "line": 8, "column": 78 }, "end": { "line": 20, "column": null } },
        "line": 8
      },
      "1": {
        "name": "extractDefault",
        "decl": { "start": { "line": 26, "column": 9 }, "end": { "line": 26, "column": 24 } },
        "loc": { "start": { "line": 26, "column": 65 }, "end": { "line": 41, "column": null } },
        "line": 26
      },
      "2": {
        "name": "unwrapEntry",
        "decl": { "start": { "line": 47, "column": 9 }, "end": { "line": 47, "column": 21 } },
        "loc": { "start": { "line": 47, "column": 78 }, "end": { "line": 61, "column": null } },
        "line": 47
      },
      "3": {
        "name": "getSchemaEntries",
        "decl": { "start": { "line": 69, "column": 16 }, "end": { "line": 69, "column": 33 } },
        "loc": { "start": { "line": 69, "column": 74 }, "end": { "line": 117, "column": null } },
        "line": 69
      },
      "4": {
        "name": "validateSchema",
        "decl": { "start": { "line": 124, "column": 22 }, "end": { "line": 124, "column": null } },
        "loc": { "start": { "line": 130, "column": 2 }, "end": { "line": 135, "column": null } },
        "line": 130
      },
      "5": {
        "name": "getSchemaDefaults",
        "decl": { "start": { "line": 141, "column": 16 }, "end": { "line": 141, "column": 34 } },
        "loc": { "start": { "line": 141, "column": 85 }, "end": { "line": 149, "column": null } },
        "line": 141
      },
      "6": {
        "name": "getMissingRequiredKeys",
        "decl": { "start": { "line": 155, "column": 16 }, "end": { "line": 155, "column": null } },
        "loc": { "start": { "line": 158, "column": 12 }, "end": { "line": 162, "column": null } },
        "line": 158
      },
      "7": {
        "name": "(anonymous_7)",
        "decl": { "start": { "line": 161, "column": 5 }, "end": { "line": 161, "column": 13 } },
        "loc": { "start": { "line": 161, "column": 19 }, "end": { "line": 161, "column": 85 } },
        "line": 161
      },
      "8": {
        "name": "(anonymous_8)",
        "decl": { "start": { "line": 162, "column": 5 }, "end": { "line": 162, "column": 10 } },
        "loc": { "start": { "line": 162, "column": 16 }, "end": { "line": 162, "column": 22 } },
        "line": 162
      }
    },
    "branchMap": {
      "0": {
        "loc": { "start": { "line": 11, "column": 2 }, "end": { "line": 11, "column": null } },
        "type": "if",
        "locations": [
          { "start": { "line": 11, "column": 2 }, "end": { "line": 11, "column": null } },
          { "start": {}, "end": {} }
        ],
        "line": 11
      },
      "1": {
        "loc": { "start": { "line": 11, "column": 6 }, "end": { "line": 11, "column": 49 } },
        "type": "binary-expr",
        "locations": [
          { "start": { "line": 11, "column": 6 }, "end": { "line": 11, "column": 28 } },
          { "start": { "line": 11, "column": 28 }, "end": { "line": 11, "column": 49 } }
        ],
        "line": 11
      },
      "2": {
        "loc": { "start": { "line": 12, "column": 2 }, "end": { "line": 12, "column": null } },
        "type": "if",
        "locations": [
          { "start": { "line": 12, "column": 2 }, "end": { "line": 12, "column": null } },
          { "start": {}, "end": {} }
        ],
        "line": 12
      },
      "3": {
        "loc": { "start": { "line": 13, "column": 2 }, "end": { "line": 13, "column": null } },
        "type": "if",
        "locations": [
          { "start": { "line": 13, "column": 2 }, "end": { "line": 13, "column": null } },
          { "start": {}, "end": {} }
        ],
        "line": 13
      },
      "4": {
        "loc": { "start": { "line": 14, "column": 2 }, "end": { "line": 14, "column": null } },
        "type": "if",
        "locations": [
          { "start": { "line": 14, "column": 2 }, "end": { "line": 14, "column": null } },
          { "start": {}, "end": {} }
        ],
        "line": 14
      },
      "5": {
        "loc": { "start": { "line": 14, "column": 6 }, "end": { "line": 14, "column": 48 } },
        "type": "binary-expr",
        "locations": [
          { "start": { "line": 14, "column": 6 }, "end": { "line": 14, "column": 30 } },
          { "start": { "line": 14, "column": 30 }, "end": { "line": 14, "column": 48 } }
        ],
        "line": 14
      },
      "6": {
        "loc": { "start": { "line": 17, "column": 2 }, "end": { "line": 17, "column": null } },
        "type": "if",
        "locations": [
          { "start": { "line": 17, "column": 2 }, "end": { "line": 17, "column": null } },
          { "start": {}, "end": {} }
        ],
        "line": 17
      },
      "7": {
        "loc": { "start": { "line": 18, "column": 2 }, "end": { "line": 18, "column": null } },
        "type": "if",
        "locations": [
          { "start": { "line": 18, "column": 2 }, "end": { "line": 18, "column": null } },
          { "start": {}, "end": {} }
        ],
        "line": 18
      },
      "8": {
        "loc": { "start": { "line": 19, "column": 2 }, "end": { "line": 19, "column": null } },
        "type": "if",
        "locations": [
          { "start": { "line": 19, "column": 2 }, "end": { "line": 19, "column": null } },
          { "start": {}, "end": {} }
        ],
        "line": 19
      },
      "9": {
        "loc": { "start": { "line": 28, "column": 2 }, "end": { "line": 31, "column": null } },
        "type": "if",
        "locations": [
          { "start": { "line": 28, "column": 2 }, "end": { "line": 31, "column": null } },
          { "start": {}, "end": {} }
        ],
        "line": 28
      },
      "10": {
        "loc": { "start": { "line": 28, "column": 6 }, "end": { "line": 28, "column": 61 } },
        "type": "binary-expr",
        "locations": [
          { "start": { "line": 28, "column": 6 }, "end": { "line": 28, "column": 35 } },
          { "start": { "line": 28, "column": 35 }, "end": { "line": 28, "column": 61 } }
        ],
        "line": 28
      },
      "11": {
        "loc": { "start": { "line": 30, "column": 4 }, "end": { "line": 31, "column": null } },
        "type": "if",
        "locations": [
          { "start": { "line": 30, "column": 4 }, "end": { "line": 31, "column": null } },
          { "start": {}, "end": {} }
        ],
        "line": 30
      },
      "12": {
        "loc": { "start": { "line": 31, "column": 13 }, "end": { "line": 31, "column": null } },
        "type": "cond-expr",
        "locations": [
          { "start": { "line": 31, "column": 42 }, "end": { "line": 31, "column": 65 } },
          { "start": { "line": 31, "column": 68 }, "end": { "line": 31, "column": null } }
        ],
        "line": 31
      },
      "13": {
        "loc": { "start": { "line": 36, "column": 2 }, "end": { "line": 39, "column": null } },
        "type": "if",
        "locations": [
          { "start": { "line": 36, "column": 2 }, "end": { "line": 39, "column": null } },
          { "start": {}, "end": {} }
        ],
        "line": 36
      },
      "14": {
        "loc": { "start": { "line": 37, "column": 11 }, "end": { "line": 39, "column": null } },
        "type": "cond-expr",
        "locations": [
          { "start": { "line": 38, "column": 9 }, "end": { "line": 38, "column": 46 } },
          { "start": { "line": 39, "column": 8 }, "end": { "line": 39, "column": null } }
        ],
        "line": 37
      },
      "15": {
        "loc": { "start": { "line": 49, "column": 2 }, "end": { "line": 50, "column": null } },
        "type": "if",
        "locations": [
          { "start": { "line": 49, "column": 2 }, "end": { "line": 50, "column": null } },
          { "start": {}, "end": {} }
        ],
        "line": 49
      },
      "16": {
        "loc": { "start": { "line": 49, "column": 2 }, "end": { "line": 49, "column": 80 } },
        "type": "binary-expr",
        "locations": [
          { "start": { "line": 49, "column": 7 }, "end": { "line": 49, "column": 36 } },
          { "start": { "line": 49, "column": 36 }, "end": { "line": 49, "column": 65 } },
          { "start": { "line": 49, "column": 65 }, "end": { "line": 49, "column": 80 } }
        ],
        "line": 49
      },
      "17": {
        "loc": { "start": { "line": 54, "column": 2 }, "end": { "line": 59, "column": null } },
        "type": "if",
        "locations": [
          { "start": { "line": 54, "column": 2 }, "end": { "line": 59, "column": null } },
          { "start": {}, "end": {} }
        ],
        "line": 54
      },
      "18": {
        "loc": { "start": { "line": 55, "column": 4 }, "end": { "line": 57, "column": null } },
        "type": "binary-expr",
        "locations": [
          { "start": { "line": 55, "column": 4 }, "end": { "line": 55, "column": null } },
          { "start": { "line": 56, "column": 5 }, "end": { "line": 56, "column": 40 } },
          { "start": { "line": 56, "column": 40 }, "end": { "line": 56, "column": null } },
          { "start": { "line": 57, "column": 4 }, "end": { "line": 57, "column": null } }
        ],
        "line": 55
      },
      "19": {
        "loc": { "start": { "line": 74, "column": 2 }, "end": { "line": 94, "column": null } },
        "type": "if",
        "locations": [
          { "start": { "line": 74, "column": 2 }, "end": { "line": 94, "column": null } },
          { "start": {}, "end": {} }
        ],
        "line": 74
      },
      "20": {
        "loc": { "start": { "line": 74, "column": 6 }, "end": { "line": 74, "column": 50 } },
        "type": "binary-expr",
        "locations": [
          { "start": { "line": 74, "column": 6 }, "end": { "line": 74, "column": 19 } },
          { "start": { "line": 74, "column": 19 }, "end": { "line": 74, "column": 50 } }
        ],
        "line": 74
      },
      "21": {
        "loc": { "start": { "line": 79, "column": 9 }, "end": { "line": 80, "column": null } },
        "type": "binary-expr",
        "locations": [
          { "start": { "line": 79, "column": 9 }, "end": { "line": 79, "column": null } },
          { "start": { "line": 80, "column": 9 }, "end": { "line": 80, "column": null } }
        ],
        "line": 79
      },
      "22": {
        "loc": { "start": { "line": 89, "column": 11 }, "end": { "line": 91, "column": null } },
        "type": "binary-expr",
        "locations": [
          { "start": { "line": 89, "column": 11 }, "end": { "line": 89, "column": null } },
          { "start": { "line": 90, "column": 12 }, "end": { "line": 90, "column": null } },
          { "start": { "line": 91, "column": 10 }, "end": { "line": 91, "column": null } }
        ],
        "line": 89
      },
      "23": {
        "loc": { "start": { "line": 98, "column": 2 }, "end": { "line": 114, "column": null } },
        "type": "if",
        "locations": [
          { "start": { "line": 98, "column": 2 }, "end": { "line": 114, "column": null } },
          { "start": {}, "end": {} }
        ],
        "line": 98
      },
      "24": {
        "loc": { "start": { "line": 98, "column": 6 }, "end": { "line": 98, "column": 46 } },
        "type": "binary-expr",
        "locations": [
          { "start": { "line": 98, "column": 6 }, "end": { "line": 98, "column": 17 } },
          { "start": { "line": 98, "column": 17 }, "end": { "line": 98, "column": 46 } }
        ],
        "line": 98
      },
      "25": {
        "loc": { "start": { "line": 103, "column": 25 }, "end": { "line": 103, "column": null } },
        "type": "binary-expr",
        "locations": [
          { "start": { "line": 103, "column": 25 }, "end": { "line": 103, "column": 61 } },
          { "start": { "line": 103, "column": 61 }, "end": { "line": 103, "column": null } }
        ],
        "line": 103
      },
      "26": {
        "loc": { "start": { "line": 109, "column": 18 }, "end": { "line": 109, "column": null } },
        "type": "binary-expr",
        "locations": [
          { "start": { "line": 109, "column": 18 }, "end": { "line": 109, "column": 33 } },
          { "start": { "line": 109, "column": 33 }, "end": { "line": 109, "column": null } }
        ],
        "line": 109
      },
      "27": {
        "loc": { "start": { "line": 132, "column": 2 }, "end": { "line": 133, "column": null } },
        "type": "if",
        "locations": [
          { "start": { "line": 132, "column": 2 }, "end": { "line": 133, "column": null } },
          { "start": {}, "end": {} }
        ],
        "line": 132
      },
      "28": {
        "loc": { "start": { "line": 145, "column": 4 }, "end": { "line": 146, "column": null } },
        "type": "if",
        "locations": [
          { "start": { "line": 145, "column": 4 }, "end": { "line": 146, "column": null } },
          { "start": {}, "end": {} }
        ],
        "line": 145
      },
      "29": {
        "loc": { "start": { "line": 161, "column": 19 }, "end": { "line": 161, "column": 85 } },
        "type": "binary-expr",
        "locations": [
          { "start": { "line": 161, "column": 19 }, "end": { "line": 161, "column": 34 } },
          { "start": { "line": 161, "column": 34 }, "end": { "line": 161, "column": 63 } },
          { "start": { "line": 161, "column": 63 }, "end": { "line": 161, "column": 85 } }
        ],
        "line": 161
      }
    },
    "s": {
      "0": 89,
      "1": 89,
      "2": 38,
      "3": 51,
      "4": 36,
      "5": 15,
      "6": 4,
      "7": 11,
      "8": 11,
      "9": 0,
      "10": 0,
      "11": 0,
      "12": 0,
      "13": 0,
      "14": 0,
      "15": 0,
      "16": 0,
      "17": 89,
      "18": 60,
      "19": 60,
      "20": 56,
      "21": 33,
      "22": 33,
      "23": 0,
      "24": 33,
      "25": 89,
      "26": 60,
      "27": 29,
      "28": 29,
      "29": 0,
      "30": 29,
      "31": 65,
      "32": 65,
      "33": 65,
      "34": 64,
      "35": 89,
      "36": 89,
      "37": 89,
      "38": 89,
      "39": 64,
      "40": 1,
      "41": 0,
      "42": 0,
      "43": 0,
      "44": 0,
      "45": 0,
      "46": 0,
      "47": 0,
      "48": 1,
      "49": 26,
      "50": 26,
      "51": 7,
      "52": 19,
      "53": 21,
      "54": 21,
      "55": 21,
      "56": 29,
      "57": 22,
      "58": 21,
      "59": 9,
      "60": 9,
      "61": 16,
      "62": 8
    },
    "f": { "0": 89, "1": 89, "2": 89, "3": 65, "4": 26, "5": 21, "6": 9, "7": 16, "8": 8 },
    "b": {
      "0": [38, 51],
      "1": [89, 51],
      "2": [36, 15],
      "3": [4, 11],
      "4": [11, 0],
      "5": [11, 0],
      "6": [0, 0],
      "7": [0, 0],
      "8": [0, 0],
      "9": [60, 29],
      "10": [89, 29],
      "11": [56, 4],
      "12": [0, 56],
      "13": [0, 33],
      "14": [0, 0],
      "15": [60, 29],
      "16": [89, 29, 60],
      "17": [0, 29],
      "18": [29, 0, 0, 0],
      "19": [64, 1],
      "20": [65, 64],
      "21": [89, 29],
      "22": [89, 89, 89],
      "23": [0, 1],
      "24": [1, 0],
      "25": [0, 0],
      "26": [0, 0],
      "27": [7, 19],
      "28": [22, 7],
      "29": [16, 10, 3]
    },
    "meta": {
      "lastBranch": 30,
      "lastFunction": 9,
      "lastStatement": 63,
      "seen": {
        "f:8:9:8:25": 0,
        "s:10:16:10:Infinity": 0,
        "b:11:2:11:Infinity:undefined:undefined:undefined:undefined": 0,
        "s:11:2:11:Infinity": 1,
        "b:11:6:11:28:11:28:11:49": 1,
        "s:11:49:11:Infinity": 2,
        "b:12:2:12:Infinity:undefined:undefined:undefined:undefined": 2,
        "s:12:2:12:Infinity": 3,
        "s:12:27:12:Infinity": 4,
        "b:13:2:13:Infinity:undefined:undefined:undefined:undefined": 3,
        "s:13:2:13:Infinity": 5,
        "s:13:26:13:Infinity": 6,
        "b:14:2:14:Infinity:undefined:undefined:undefined:undefined": 4,
        "s:14:2:14:Infinity": 7,
        "b:14:6:14:30:14:30:14:48": 5,
        "s:14:48:14:Infinity": 8,
        "s:16:15:16:Infinity": 9,
        "b:17:2:17:Infinity:undefined:undefined:undefined:undefined": 6,
        "s:17:2:17:Infinity": 10,
        "s:17:38:17:Infinity": 11,
        "b:18:2:18:Infinity:undefined:undefined:undefined:undefined": 7,
        "s:18:2:18:Infinity": 12,
        "s:18:39:18:Infinity": 13,
        "b:19:2:19:Infinity:undefined:undefined:undefined:undefined": 8,
        "s:19:2:19:Infinity": 14,
        "s:19:38:19:Infinity": 15,
        "s:20:2:20:Infinity": 16,
        "f:26:9:26:24": 1,
        "b:28:2:31:Infinity:undefined:undefined:undefined:undefined": 9,
        "s:28:2:31:Infinity": 17,
        "b:28:6:28:35:28:35:28:61": 10,
        "s:29:16:29:Infinity": 18,
        "b:30:4:31:Infinity:undefined:undefined:undefined:undefined": 11,
        "s:30:4:31:Infinity": 19,
        "s:31:6:31:Infinity": 20,
        "b:31:42:31:65:31:68:31:Infinity": 12,
        "s:35:15:35:Infinity": 21,
        "b:36:2:39:Infinity:undefined:undefined:undefined:undefined": 13,
        "s:36:2:39:Infinity": 22,
        "s:37:4:39:Infinity": 23,
        "b:38:9:38:46:39:8:39:Infinity": 14,
        "s:41:2:41:Infinity": 24,
        "f:47:9:47:21": 2,
        "b:49:2:50:Infinity:undefined:undefined:undefined:undefined": 15,
        "s:49:2:50:Infinity": 25,
        "b:49:7:49:36:49:36:49:65:49:65:49:80": 16,
        "s:50:4:50:Infinity": 26,
        "s:53:15:53:Infinity": 27,
        "b:54:2:59:Infinity:undefined:undefined:undefined:undefined": 17,
        "s:54:2:59:Infinity": 28,
        "b:55:4:55:Infinity:56:5:56:40:56:40:56:Infinity:57:4:57:Infinity": 18,
        "s:59:4:59:Infinity": 29,
        "s:61:2:61:Infinity": 30,
        "f:69:16:69:33": 3,
        "s:70:12:70:Infinity": 31,
        "s:71:33:71:35": 32,
        "b:74:2:94:Infinity:undefined:undefined:undefined:undefined": 19,
        "s:74:2:94:Infinity": 33,
        "b:74:6:74:19:74:19:74:50": 20,
        "s:75:4:92:Infinity": 34,
        "s:79:9:80:Infinity": 35,
        "b:79:9:79:Infinity:80:9:80:Infinity": 21,
        "s:81:20:81:68": 36,
        "s:82:25:82:76": 37,
        "s:83:6:92:Infinity": 38,
        "b:89:11:89:Infinity:90:12:90:Infinity:91:10:91:Infinity": 22,
        "s:94:4:94:Infinity": 39,
        "b:98:2:114:Infinity:undefined:undefined:undefined:undefined": 23,
        "s:98:2:114:Infinity": 40,
        "b:98:6:98:17:98:17:98:46": 24,
        "s:99:4:112:Infinity": 41,
        "s:102:20:102:Infinity": 42,
        "s:103:25:103:Infinity": 43,
        "b:103:25:103:61:103:61:103:Infinity": 25,
        "s:104:20:104:68": 44,
        "s:105:25:105:76": 45,
        "s:106:6:112:Infinity": 46,
        "b:109:18:109:33:109:33:109:Infinity": 26,
        "s:114:4:114:Infinity": 47,
        "s:117:2:117:Infinity": 48,
        "f:124:22:124:Infinity": 4,
        "s:131:17:131:57": 49,
        "b:132:2:133:Infinity:undefined:undefined:undefined:undefined": 27,
        "s:132:2:133:Infinity": 50,
        "s:133:4:133:Infinity": 51,
        "s:135:2:135:Infinity": 52,
        "f:141:16:141:34": 5,
        "s:142:18:142:42": 53,
        "s:143:44:143:46": 54,
        "s:144:2:146:Infinity": 55,
        "b:145:4:146:Infinity:undefined:undefined:undefined:undefined": 28,
        "s:145:4:146:Infinity": 56,
        "s:146:6:146:Infinity": 57,
        "s:149:2:149:Infinity": 58,
        "f:155:16:155:Infinity": 6,
        "s:159:18:159:42": 59,
        "s:160:2:162:Infinity": 60,
        "f:161:5:161:13": 7,
        "s:161:19:161:85": 61,
        "b:161:19:161:34:161:34:161:63:161:63:161:85": 29,
        "f:162:5:162:10": 8,
        "s:162:16:162:22": 62
      }
    }
  }
}
